<?xml version="1.0" encoding="utf-8"?><testsuites name="pytest tests"><testsuite name="pytest" errors="0" failures="0" skipped="0" tests="280" time="128.618" timestamp="2026-08-29T22:17:45.944763+08:00" hostname="DESKTOP-IFP2D8C"><testcase classname="tests.test_advanced_optimizations.TestAdvancedMicrostructureFactors" name="test_microstructure_factors_registered" time="0.002" /><testcase classname="tests.test_advanced_optimizations.TestAdvancedMicrostructureFactors" name="test_compute_microstructure_factors" time="0.021" /><testcase classname="tests.test_advanced_optimizations.TestGramSchmidtOrthogonalizer" name="test_cross_sectional_orthogonalization" time="0.010" /><testcase classname="tests.test_advanced_optimizations.TestAsymmetricLossObjective" name="test_asymmetric_classification_objective" time="0.000" /><testcase classname="tests.test_advanced_optimizations.TestAsymmetricLossObjective" name="test_lightgbm_with_asymmetric_loss" time="0.050" /><testcase classname="tests.test_adversarial_certification.TestAdversarialCertification" name="test_arbitrary_raw_csv_not_automatically_official" time="0.052" /><testcase classname="tests.test_adversarial_certification.TestAdversarialCertification" name="test_missing_source_metadata_blocks_official_classification" time="0.007" /><testcase classname="tests.test_adversarial_certification.TestAdversarialCertification" name="test_fake_source_metadata_boolean_cannot_self_certify" time="0.012" /><testcase classname="tests.test_adversarial_certification.TestAdversarialCertification" name="test_insecure_http_url_rejected" time="0.001" /><testcase classname="tests.test_adversarial_certification.TestAdversarialCertification" name="test_impersonated_subdomain_url_rejected" time="0.001" /><testcase classname="tests.test_adversarial_certification.TestAdversarialCertification" name="test_ip_literal_url_rejected" time="0.000" /><testcase classname="tests.test_adversarial_certification.TestAdversarialCertification" name="test_userinfo_in_url_rejected" time="0.000" /><testcase classname="tests.test_adversarial_certification.TestAdversarialCertification" name="test_operator_nonempty_signature_not_sufficient" time="0.012" /><testcase classname="tests.test_adversarial_certification.TestAdversarialCertification" name="test_operator_invalid_ed25519_signature_rejected" time="0.008" /><testcase classname="tests.test_adversarial_certification.TestAdversarialCertification" name="test_operator_valid_registered_signature_accepted" time="0.012" /><testcase classname="tests.test_adversarial_certification.TestAdversarialCertification" name="test_unknown_operator_rejected" time="0.006" /><testcase classname="tests.test_adversarial_certification.TestAdversarialCertification" name="test_downloader_key_cannot_sign_runtime" time="0.001" /><testcase classname="tests.test_adversarial_certification.TestAdversarialCertification" name="test_runtime_key_cannot_sign_acquisition" time="0.000" /><testcase classname="tests.test_adversarial_certification.TestAdversarialCertification" name="test_operator_key_cannot_sign_runtime" time="0.000" /><testcase classname="tests.test_adversarial_certification.TestAdversarialCertification" name="test_valid_signature_wrong_purpose_rejected" time="0.000" /><testcase classname="tests.test_adversarial_certification.TestAdversarialCertification" name="test_cross_protocol_signature_reuse_rejected" time="0.000" /><testcase classname="tests.test_adversarial_certification.TestAdversarialCertification" name="test_runtime_commit_mismatch_rejected" time="0.242" /><testcase classname="tests.test_adversarial_certification.TestAdversarialCertification" name="test_runtime_tree_hash_mismatch_rejected" time="0.434" /><testcase classname="tests.test_adversarial_certification.TestAdversarialCertification" name="test_dirty_runtime_start_rejected" time="0.672" /><testcase classname="tests.test_adversarial_certification.TestAdversarialCertification" name="test_historical_attestation_not_labeled_current" time="0.011" /><testcase classname="tests.test_adversarial_certification.TestAdversarialCertification" name="test_legacy_corporate_record_non_certifying" time="0.001" /><testcase classname="tests.test_adversarial_certification.TestAdversarialCertification" name="test_corporate_evidence_requires_evidence_dir" time="0.000" /><testcase classname="tests.test_adversarial_certification.TestAdversarialCertification" name="test_corporate_raw_result_file_required" time="0.006" /><testcase classname="tests.test_adversarial_certification.TestAdversarialCertification" name="test_corporate_raw_result_hash_verified" time="0.008" /><testcase classname="tests.test_adversarial_certification.TestAdversarialCertification" name="test_corporate_response_file_hash_verified" time="0.008" /><testcase classname="tests.test_adversarial_certification.TestAdversarialCertification" name="test_corporate_dataset_manifest_verified" time="0.031" /><testcase classname="tests.test_adversarial_certification.TestAdversarialCertification" name="test_fake_64hex_market_manifest_rejected" time="0.000" /><testcase classname="tests.test_adversarial_certification.TestAdversarialCertification" name="test_fake_64hex_factor_manifest_rejected" time="0.000" /><testcase classname="tests.test_adversarial_certification.TestAdversarialCertification" name="test_fake_64hex_universe_manifest_rejected" time="0.000" /><testcase classname="tests.test_adversarial_certification.TestAdversarialCertification" name="test_manifest_parent_chain_mismatch_rejected" time="0.006" /><testcase classname="tests.test_adversarial_certification.TestAdversarialCertification" name="test_runtime_config_full_dataclass_hash" time="0.002" /><testcase classname="tests.test_adversarial_certification.TestAdversarialCertification" name="test_runtime_config_commission_mutation_changes_hash" time="0.004" /><testcase classname="tests.test_adversarial_certification.TestAdversarialCertification" name="test_runtime_config_lgbm_mutation_changes_hash" time="0.006" /><testcase classname="tests.test_adversarial_certification.TestAdversarialCertification" name="test_runtime_config_all_critical_param_mutations" time="0.046" /><testcase classname="tests.test_adversarial_certification.TestAdversarialCertification" name="test_rfc8032_test_vector_1" time="0.356" /><testcase classname="tests.test_adversarial_certification.TestAdversarialCertification" name="test_rfc8032_test_vector_2" time="0.380" /><testcase classname="tests.test_adversarial_certification.TestAdversarialCertification" name="test_rfc8032_test_vector_3" time="0.347" /><testcase classname="tests.test_adversarial_certification.TestAdversarialCertification" name="test_cross_library_ed25519_verification" time="0.255" /><testcase classname="tests.test_adversarial_certification.TestAdversarialCertification" name="test_revoked_key_rejected" time="0.000" /><testcase classname="tests.test_adversarial_certification.TestAdversarialCertification" name="test_expired_key_rejected" time="0.000" /><testcase classname="tests.test_adversarial_certification.TestAdversarialCertification" name="test_future_not_before_key_rejected" time="0.000" /><testcase classname="tests.test_adversarial_certification.TestAdversarialCertification" name="test_repo_contains_no_production_private_keys" time="0.075" /><testcase classname="tests.test_adversarial_certification.TestAdversarialCertification" name="test_forged_envelope_with_deterministic_sha_rejected" time="0.001" /><testcase classname="tests.test_adversarial_certification.TestAdversarialCertification" name="test_point_in_time_provider_constructor_cannot_set_verified" time="0.001" /><testcase classname="tests.test_adversarial_certification.TestAdversarialCertification" name="test_set_baseline_snapshot_does_not_promote_unverified_source" time="0.001" /><testcase classname="tests.test_adversarial_certification.TestAdversarialCertification" name="test_test_fixture_provider_never_production_verified" time="0.001" /><testcase classname="tests.test_adversarial_certification.TestAdversarialCertification" name="test_external_trust_root_missing_blocks_verified" time="0.000" /><testcase classname="tests.test_adversarial_certification.TestAdversarialCertification" name="test_external_trust_root_mismatch_blocks_verified" time="0.000" /><testcase classname="tests.test_adversarial_certification.TestAdversarialCertification" name="test_agent_replaces_runtime_public_key_but_external_pin_rejects" time="0.000" /><testcase classname="tests.test_adversarial_certification.TestAdversarialCertification" name="test_agent_replaces_all_public_keys_but_external_pin_rejects" time="0.001" /><testcase classname="tests.test_adversarial_certification.TestAdversarialCertification" name="test_runtime_envelope_binds_trusted_keyring_hash" time="0.000" /><testcase classname="tests.test_adversarial_certification.TestAdversarialCertification" name="test_trust_root_cannot_be_auto_initialized" time="0.000" /><testcase classname="tests.test_adversarial_certification.TestAdversarialCertification" name="test_corporate_zero_event_requires_authenticated_receipt" time="0.011" /><testcase classname="tests.test_adversarial_certification.TestAdversarialCertification" name="test_fake_zero_event_files_with_correct_hash_rejected" time="0.013" /><testcase classname="tests.test_adversarial_certification.TestAdversarialCertification" name="test_nonempty_corporate_coverage_requires_authenticated_dataset" time="0.000" /><testcase classname="tests.test_adversarial_certification.TestAdversarialCertification" name="test_corporate_dataset_source_metadata_required" time="0.009" /><testcase classname="tests.test_adversarial_certification.TestAdversarialCertification" name="test_manifest_expected_hash_missing_not_verified" time="0.006" /><testcase classname="tests.test_adversarial_certification.TestAdversarialCertification" name="test_empty_manifest_schema_rejected" time="0.007" /><testcase classname="tests.test_adversarial_certification.TestAdversarialCertification" name="test_manifest_self_hash_without_parent_anchor_rejected" time="0.007" /><testcase classname="tests.test_adversarial_certification.TestAdversarialCertification" name="test_market_manifest_pipeline_integration" time="0.086" /><testcase classname="tests.test_adversarial_certification.TestAdversarialCertification" name="test_factor_manifest_pipeline_integration" time="0.006" /><testcase classname="tests.test_adversarial_certification.TestAdversarialCertification" name="test_universe_manifest_pipeline_integration" time="0.007" /><testcase classname="tests.test_adversarial_certification.TestAdversarialCertification" name="test_raw_boolean_manifest_verified_not_trusted" time="0.001" /><testcase classname="tests.test_adversarial_certification.TestAdversarialCertification" name="test_production_crypto_fails_without_cryptography" time="0.000" /><testcase classname="tests.test_adversarial_certification.TestAdversarialCertification" name="test_source_path_traversal_rejected" time="0.010" /><testcase classname="tests.test_adversarial_certification.TestAdversarialCertification" name="test_corporate_evidence_path_traversal_rejected" time="0.008" /><testcase classname="tests.test_adversarial_certification.TestAdversarialCertification" name="test_generate_report_requires_external_trust_root" time="0.464" /><testcase classname="tests.test_adversarial_certification.TestAdversarialCertification" name="test_forged_green_audit_metadata_cannot_bypass_external_pin" time="0.000" /><testcase classname="tests.test_adversarial_certification.TestAdversarialCertification" name="test_registry_replacement_signed_envelope_fails_end_to_end" time="0.509" /><testcase classname="tests.test_adversarial_certification.TestAdversarialCertification" name="test_constructor_changes_df_is_actually_loaded" time="0.002" /><testcase classname="tests.test_adversarial_certification.TestAdversarialCertification" name="test_factory_runtime_pit_state_matches_verified_dataframe" time="0.002" /><testcase classname="tests.test_adversarial_certification.TestAdversarialCertification" name="test_pit_verified_dataframe_hash_matches_provider_state" time="0.001" /><testcase classname="tests.test_adversarial_certification.TestAdversarialCertification" name="test_zero_event_missing_receipt_rejected" time="0.011" /><testcase classname="tests.test_adversarial_certification.TestAdversarialCertification" name="test_zero_event_missing_source_metadata_rejected" time="0.011" /><testcase classname="tests.test_adversarial_certification.TestAdversarialCertification" name="test_zero_event_boolean_true_without_parser_proof_rejected" time="0.017" /><testcase classname="tests.test_adversarial_certification.TestAdversarialCertification" name="test_zero_event_wrong_symbol_query_receipt_rejected" time="0.008" /><testcase classname="tests.test_adversarial_certification.TestAdversarialCertification" name="test_nonempty_corporate_requires_receipt" time="0.008" /><testcase classname="tests.test_adversarial_certification.TestAdversarialCertification" name="test_nonempty_corporate_requires_source_metadata" time="0.008" /><testcase classname="tests.test_adversarial_certification.TestAdversarialCertification" name="test_nonempty_corporate_requires_trust_anchor" time="0.017" /><testcase classname="tests.test_adversarial_certification.TestAdversarialCertification" name="test_corporate_dataset_no_raw_dir_rejected" time="0.002" /><testcase classname="tests.test_adversarial_certification.TestAdversarialCertification" name="test_corporate_dataset_missing_metadata_rejected" time="0.011" /><testcase classname="tests.test_adversarial_certification.TestAdversarialCertification" name="test_corporate_dataset_missing_receipt_rejected" time="0.016" /><testcase classname="tests.test_adversarial_certification.TestAdversarialCertification" name="test_corporate_manifest_required_for_verified" time="0.000" /><testcase classname="tests.test_adversarial_certification.TestAdversarialCertification" name="test_manifest_parent_anchor_missing_rejected" time="0.018" /><testcase classname="tests.test_adversarial_certification.TestAdversarialCertification" name="test_raw_boolean_market_manifest_verified_rejected" time="0.001" /><testcase classname="tests.test_adversarial_certification.TestAdversarialCertification" name="test_raw_boolean_factor_manifest_verified_rejected" time="0.000" /><testcase classname="tests.test_adversarial_certification.TestAdversarialCertification" name="test_raw_boolean_universe_manifest_verified_rejected" time="0.000" /><testcase classname="tests.test_adversarial_certification.TestAdversarialCertification" name="test_real_market_writer_matches_manifest_schema" time="0.047" /><testcase classname="tests.test_adversarial_certification.TestAdversarialCertification" name="test_real_factor_writer_matches_manifest_schema" time="0.008" /><testcase classname="tests.test_adversarial_certification.TestAdversarialCertification" name="test_factor_parent_manifest_uses_full_64hex_hash" time="0.007" /><testcase classname="tests.test_adversarial_certification.TestAdversarialCertification" name="test_market_source_identified_not_equal_authenticated" time="0.000" /><testcase classname="tests.test_adversarial_certification.TestAdversarialCertification" name="test_real_market_writer_uses_physical_source_hashes" time="0.054" /><testcase classname="tests.test_adversarial_certification.TestAdversarialCertification" name="test_corporate_error_json_not_zero_event" time="0.000" /><testcase classname="tests.test_adversarial_certification.TestAdversarialCertification" name="test_corporate_empty_dict_not_zero_event" time="0.000" /><testcase classname="tests.test_adversarial_certification.TestAdversarialCertification" name="test_corporate_empty_bytes_not_zero_event" time="0.000" /><testcase classname="tests.test_adversarial_certification.TestAdversarialCertification" name="test_corporate_valid_empty_json_is_zero_event" time="0.000" /><testcase classname="tests.test_adversarial_certification.TestAdversarialCertification" name="test_corporate_receipt_query_symbol_binding" time="0.017" /><testcase classname="tests.test_adversarial_certification.TestAdversarialCertification" name="test_corporate_receipt_query_window_binding" time="0.017" /><testcase classname="tests.test_adversarial_certification.TestAdversarialCertification" name="test_corporate_csv_parser_valid_and_invalid" time="0.006" /><testcase classname="tests.test_adversarial_certification.TestAdversarialCertification" name="test_pipeline_runtime_evidence_inputs_from_env" time="0.003" /><testcase classname="tests.test_adversarial_certification.TestAdversarialCertification" name="test_pipeline_unauthenticated_manifests_fail_closed_to_high_risk" time="0.041" /><testcase classname="tests.test_adversarial_certification.TestAdversarialCertification" name="test_corporate_receipt_missing_query_context_rejected" time="0.019" /><testcase classname="tests.test_adversarial_certification.TestAdversarialCertification" name="test_corporate_receipt_partial_query_context_rejected" time="0.019" /><testcase classname="tests.test_adversarial_certification.TestAdversarialCertification" name="test_corporate_receipt_wrong_resource_type_rejected" time="0.018" /><testcase classname="tests.test_adversarial_certification.TestAdversarialCertification" name="test_corporate_receipt_query_symbol_mismatch_rejected" time="0.018" /><testcase classname="tests.test_adversarial_certification.TestAdversarialCertification" name="test_corporate_receipt_query_range_replay_rejected" time="0.017" /><testcase classname="tests.test_adversarial_certification.TestAdversarialCertification" name="test_market_physical_hash_does_not_imply_authentication" time="0.014" /><testcase classname="tests.test_adversarial_certification.TestAdversarialCertification" name="test_market_missing_source_metadata_not_authenticated" time="0.015" /><testcase classname="tests.test_adversarial_certification.TestAdversarialCertification" name="test_market_missing_receipt_not_authenticated" time="0.016" /><testcase classname="tests.test_adversarial_certification.TestAdversarialCertification" name="test_market_invalid_receipt_signature_not_authenticated" time="0.018" /><testcase classname="tests.test_adversarial_certification.TestAdversarialCertification" name="test_market_authenticated_source_requires_exact_binding" time="0.018" /><testcase classname="tests.test_adversarial_certification.TestAdversarialCertification" name="test_pipeline_passes_corporate_evidence_dir" time="0.000" /><testcase classname="tests.test_adversarial_certification.TestAdversarialCertification" name="test_backtest_engine_corporate_validation_uses_evidence_dir" time="0.010" /><testcase classname="tests.test_adversarial_certification.TestAdversarialCertification" name="test_missing_corporate_evidence_dir_fails_closed" time="0.000" /><testcase classname="tests.test_adversarial_certification.TestAdversarialCertification" name="test_cached_parquet_does_not_imply_raw_provenance" time="0.016" /><testcase classname="tests.test_adversarial_certification.TestAdversarialCertification" name="test_cached_market_requires_manifest_verification_for_provenance" time="0.016" /><testcase classname="tests.test_adversarial_certification.TestAdversarialCertification" name="test_corporate_csv_symbol_only_rejected" time="0.001" /><testcase classname="tests.test_adversarial_certification.TestAdversarialCertification" name="test_corporate_csv_date_only_rejected" time="0.002" /><testcase classname="tests.test_adversarial_certification.TestAdversarialCertification" name="test_corporate_csv_type_only_rejected" time="0.001" /><testcase classname="tests.test_adversarial_certification.TestAdversarialCertification" name="test_corporate_csv_full_required_schema_accepted" time="0.003" /><testcase classname="tests.test_adversarial_certification.TestAdversarialCertification" name="test_corporate_dataset_failure_cannot_be_overwritten_by_coverage_success" time="0.007" /><testcase classname="tests.test_adversarial_certification.TestAdversarialCertification" name="test_corporate_nonempty_actions_require_dataset_hash_verified" time="0.000" /><testcase classname="tests.test_adversarial_certification.TestAdversarialCertification" name="test_sync_cache_hit_does_not_imply_raw_provenance" time="0.050" /><testcase classname="tests.test_adversarial_certification.TestAdversarialCertification" name="test_raw_provenance_false_if_raw_files_deleted_after_cache_created" time="0.044" /><testcase classname="tests.test_chaos_stress_pipeline.TestChaosStressPipeline" name="test_chaos_1_consecutive_limit_down_liquidity_freeze" time="0.001" /><testcase classname="tests.test_chaos_stress_pipeline.TestChaosStressPipeline" name="test_chaos_2_consecutive_limit_up_anti_chasing" time="0.000" /><testcase classname="tests.test_chaos_stress_pipeline.TestChaosStressPipeline" name="test_chaos_3_dirty_data_resilience" time="0.025" /><testcase classname="tests.test_chaos_stress_pipeline.TestChaosStressPipeline" name="test_chaos_4_capital_conservation_law" time="0.000" /><testcase classname="tests.test_chaos_stress_pipeline.TestChaosStressPipeline" name="test_chaos_5_small_capital_boundary_10k" time="0.000" /><testcase classname="tests.test_chaos_stress_pipeline.TestChaosStressPipeline" name="test_chaos_6_temporal_permutation_invariance" time="0.074" /><testcase classname="tests.test_evidence_integrity" name="test_pit_certification_negative_cases" time="0.008" /><testcase classname="tests.test_evidence_integrity" name="test_pit_certification_positive_case" time="0.006" /><testcase classname="tests.test_evidence_integrity" name="test_universe_provider_factory" time="0.000" /><testcase classname="tests.test_evidence_integrity" name="test_four_year_pit_pipeline_e2e_integration" time="30.135" /><testcase classname="tests.test_evidence_integrity" name="test_in_universe_fail_closed_and_empty_universe" time="0.008" /><testcase classname="tests.test_evidence_integrity" name="test_manifest_chained_lineage_and_strict_load" time="0.023" /><testcase classname="tests.test_evidence_integrity" name="test_qfq_pit_safety_invariance_proof" time="0.040" /><testcase classname="tests.test_evidence_integrity" name="test_audit_collector_anti_forgery_blocks_override" time="0.001" /><testcase classname="tests.test_evidence_integrity" name="test_corporate_action_coverage_with_zero_events" time="0.017" /><testcase classname="tests.test_evidence_integrity" name="test_corporate_action_split_partial_fill_conservation" time="0.000" /><testcase classname="tests.test_evidence_integrity" name="test_cash_dividend_trailing_stop_protection" time="0.000" /><testcase classname="tests.test_evidence_integrity" name="test_price_limit_rule_engine_comprehensive" time="0.003" /><testcase classname="tests.test_evidence_integrity" name="test_true_production_pit_e2e" time="1.069" /><testcase classname="tests.test_evidence_integrity" name="test_qfq_pit_safety_dual_snapshot_invariance" time="0.041" /><testcase classname="tests.test_evidence_integrity" name="test_benchmark_cross_symbol_leakage_rejected" time="0.003" /><testcase classname="tests.test_evidence_integrity" name="test_factor_cache_streaming_sha256_rejection" time="0.007" /><testcase classname="tests.test_evidence_integrity" name="test_certification_policy_truth_table" time="0.000" /><testcase classname="tests.test_evidence_integrity" name="test_corporate_action_provider_factory" time="0.004" /><testcase classname="tests.test_execution_safety.TestExecutionSafetyGuard" name="test_single_stock_20pct_cap" time="0.000" /><testcase classname="tests.test_execution_safety.TestExecutionSafetyGuard" name="test_capital_utilization_95pct_cap" time="0.000" /><testcase classname="tests.test_execution_safety.TestExecutionSafetyGuard" name="test_daily_turnover_50pct_circuit_breaker" time="0.000" /><testcase classname="tests.test_execution_safety.TestExecutionSafetyGuard" name="test_price_deviation_and_limit_up_guard" time="0.000" /><testcase classname="tests.test_execution_safety.TestExecutionSafetyGuard" name="test_pre_rebalance_cancellation_and_rebalancing" time="0.001" /><testcase classname="tests.test_factor_research" name="test_t_close_signal_cannot_capture_close_t_to_close_t_plus_1_return" time="0.008" /><testcase classname="tests.test_factor_research" name="test_mutating_close_t_must_not_change_t_plus_1_post_entry_return" time="0.015" /><testcase classname="tests.test_factor_research" name="test_t_close_signal_uses_t_plus_1_open_as_earliest_entry" time="0.107" /><testcase classname="tests.test_factor_research" name="test_constant_factor_does_not_generate_fake_long_short_alpha" time="0.221" /><testcase classname="tests.test_factor_research" name="test_train_selected_factor_direction_frozen_during_validation" time="1.400" /><testcase classname="tests.test_factor_research" name="test_walk_forward_uses_same_classification_pipeline_as_full_selection" time="7.013" /><testcase classname="tests.test_factor_research" name="test_walk_forward_fdr_uses_hac_pvalue_not_naive_pvalue" time="0.001" /><testcase classname="tests.test_factor_research" name="test_neutralization_insufficient_cross_section_returns_null_not_raw_ic" time="0.599" /><testcase classname="tests.test_factor_research" name="test_orthogonalizer_insufficient_samples_returns_null_fail_closed" time="1.488" /><testcase classname="tests.test_factor_research" name="test_manifest_full_factor_hash_covers_all_factor_columns" time="0.573" /><testcase classname="tests.test_factor_research" name="test_development_sample_cannot_be_oos_certified" time="0.343" /><testcase classname="tests.test_factor_research" name="test_t_plus_1_tradability_filter_blocks_suspended_or_locked_assets" time="0.007" /><testcase classname="tests.test_factor_research" name="test_dataframe_row_permutation_must_not_change_quantile_results" time="0.207" /><testcase classname="tests.test_factor_research" name="test_train_label_end_must_not_cross_validation_boundary" time="8.317" /><testcase classname="tests.test_factor_research" name="test_changing_validation_prices_cannot_affect_train_factor_selection" time="17.225" /><testcase classname="tests.test_genetic_and_graph.TestGeneticAlphaMiner" name="test_time_series_operators" time="0.001" /><testcase classname="tests.test_genetic_and_graph.TestGeneticAlphaMiner" name="test_genetic_miner_execution" time="0.001" /><testcase classname="tests.test_genetic_and_graph.TestBayesianHyperTuner" name="test_hyper_tuner_optimization" time="2.517" /><testcase classname="tests.test_genetic_and_graph.TestIndustryGraphAndMaskEngine" name="test_industry_graph_relational_engine" time="0.009" /><testcase classname="tests.test_genetic_and_graph.TestIndustryGraphAndMaskEngine" name="test_tradability_mask_engine" time="0.002" /><testcase classname="tests.test_neutralization_parity" name="test_serial_parallel_neutralization_identical" time="3.661" /><testcase classname="tests.test_neutralization_parity" name="test_neutralization_preserves_empty_universe_and_nan" time="0.129" /><testcase classname="tests.test_no_leakage" name="test_1_feature_no_future_leakage" time="0.069" /><testcase classname="tests.test_no_leakage" name="test_2_walk_forward_purged_gap" time="8.928" /><testcase classname="tests.test_no_leakage" name="test_3_label_lookahead_boundary" time="0.032" /><testcase classname="tests.test_no_leakage" name="test_4_execution_date_strictly_after_signal_date" time="0.274" /><testcase classname="tests.test_no_leakage" name="test_5_grouped_ffill_no_cross_stock_leakage" time="0.077" /><testcase classname="tests.test_pit_state_integrity" name="test_pipeline_does_not_zero_fill_warmup_factors" time="1.007" /><testcase classname="tests.test_pit_state_integrity" name="test_build_factor_matrix_preserves_missing_values_before_model" time="0.593" /><testcase classname="tests.test_pit_state_integrity" name="test_missing_factor_pipeline_behavior_matches_direct_neutralization" time="0.007" /><testcase classname="tests.test_pit_state_integrity" name="test_data_manager_fetches_union_of_historical_constituents" time="0.002" /><testcase classname="tests.test_pit_state_integrity" name="test_removed_constituent_history_is_not_lost" time="0.001" /><testcase classname="tests.test_pit_state_integrity" name="test_non_member_not_used_in_daily_zscore" time="0.008" /><testcase classname="tests.test_pit_state_integrity" name="test_non_member_not_used_in_neutralization" time="0.007" /><testcase classname="tests.test_pit_state_integrity" name="test_one_constituent_event_does_not_clear_survivorship_risk" time="0.001" /><testcase classname="tests.test_pit_state_integrity" name="test_pit_requires_baseline_snapshot" time="0.002" /><testcase classname="tests.test_pit_state_integrity" name="test_pit_outside_coverage_window_fails_closed" time="0.002" /><testcase classname="tests.test_pit_state_integrity" name="test_cache_rejected_when_universe_changes" time="0.559" /><testcase classname="tests.test_pit_state_integrity" name="test_cached_synthetic_data_remains_marked_synthetic" time="0.060" /><testcase classname="tests.test_pit_state_integrity" name="test_partial_fill_preserves_remaining_quantity" time="0.000" /><testcase classname="tests.test_pit_state_integrity" name="test_order_quantity_conservation" time="0.000" /><testcase classname="tests.test_pit_state_integrity" name="test_daily_volume_capacity_shared_by_all_orders" time="0.002" /><testcase classname="tests.test_pit_state_integrity" name="test_split_adjusts_highest_price" time="0.000" /><testcase classname="tests.test_pit_state_integrity" name="test_split_adjusts_pending_order_quantity" time="0.000" /><testcase classname="tests.test_pit_state_integrity" name="test_dividend_included_in_lot_net_pnl" time="0.002" /><testcase classname="tests.test_pit_state_integrity" name="test_st_effective_state_forward_asof" time="0.547" /><testcase classname="tests.test_pit_state_integrity" name="test_st_timeline_survives_cache_reload" time="0.488" /><testcase classname="tests.test_pit_state_integrity" name="test_entire_missing_benchmark_date_ffilled_from_past" time="0.002" /><testcase classname="tests.test_pit_state_integrity" name="test_empty_audit_is_strictly_fail_closed" time="0.000" /><testcase classname="tests.test_pit_state_integrity" name="test_audit_certification_fields_cannot_be_forged_by_override" time="0.000" /><testcase classname="tests.test_pit_state_integrity" name="test_future_corporate_action_cannot_change_past_features" time="1.572" /><testcase classname="tests.test_pit_state_integrity" name="test_performance_exact_mathematical_assertions" time="0.004" /><testcase classname="tests.test_pit_state_integrity" name="test_2021_2024_pit_rolling_universe_integration" time="0.005" /><testcase classname="tests.test_pit_state_integrity" name="test_partial_fill_two_day_consecutive_execution_integration" time="0.003" /><testcase classname="tests.test_pit_state_integrity" name="test_corporate_action_pending_order_trailing_stop_integration" time="0.001" /><testcase classname="tests.test_risk_and_attribution.TestBarraFactorAttribution" name="test_compute_portfolio_style_exposure" time="0.006" /><testcase classname="tests.test_risk_and_attribution.TestBarraFactorAttribution" name="test_decompose_returns" time="0.002" /><testcase classname="tests.test_risk_and_attribution.TestBarraFactorAttribution" name="test_alpha_factor_explainer" time="0.001" /><testcase classname="tests.test_risk_and_attribution.TestDynamicRiskManager" name="test_market_regime_detection" time="0.001" /><testcase classname="tests.test_risk_and_attribution.TestDynamicRiskManager" name="test_volatility_targeting" time="0.001" /><testcase classname="tests.test_risk_and_attribution.TestDynamicRiskManager" name="test_dynamic_drawdown_circuit_breaker" time="0.000" /><testcase classname="tests.test_routes_1_to_5.TestRoutes1To5Integration" name="test_route_5_universe_profiles" time="0.000" /><testcase classname="tests.test_routes_1_to_5.TestRoutes1To5Integration" name="test_route_4_rebalancer_end_to_end" time="0.002" /><testcase classname="tests.test_routes_1_to_5.TestRoutes1To5Integration" name="test_route_3_notification_formatting" time="0.001" /><testcase classname="tests.test_routes_1_to_5.TestRoutes1To5Integration" name="test_full_pipeline_verification_e2e" time="28.877" /><testcase classname="tests.test_trading_rules" name="test_1_lot_size_rounding" time="0.000" /><testcase classname="tests.test_trading_rules" name="test_2_t_plus_1_restriction" time="0.000" /><testcase classname="tests.test_trading_rules" name="test_3_limit_up_locked_cannot_buy" time="0.000" /><testcase classname="tests.test_trading_rules" name="test_4_limit_down_locked_cannot_sell" time="0.000" /><testcase classname="tests.test_trading_rules" name="test_5_st_stock_5pct_limit" time="0.000" /><testcase classname="tests.test_trading_rules" name="test_6_slippage_no_double_counting" time="0.010" /><testcase classname="tests.test_trading_rules" name="test_slippage_price_respects_price_limits" time="0.002" /><testcase classname="tests.test_trading_rules" name="test_neutralization_switches_per_date" time="0.005" /><testcase classname="tests.test_trading_rules" name="test_unknown_not_used_as_real_industry_dummy" time="0.003" /><testcase classname="tests.test_trading_rules" name="test_missing_factor_not_imputed_as_zero_for_ols" time="0.003" /><testcase classname="tests.test_trading_rules" name="test_small_cross_section_neutralization_fallback" time="0.003" /><testcase classname="tests.test_trading_rules" name="test_industry_coverage_audit_is_daily_based" time="0.004" /><testcase classname="tests.test_trading_rules" name="test_point_in_time_universe_changes_by_date" time="0.003" /><testcase classname="tests.test_trading_rules" name="test_future_constituent_not_visible_in_past" time="0.001" /><testcase classname="tests.test_trading_rules" name="test_static_fallback_reports_survivorship_risk" time="0.000" /><testcase classname="tests.test_trading_rules" name="test_portfolio_respects_point_in_time_universe" time="0.005" /><testcase classname="tests.test_trading_rules" name="test_akshare_sina_calendar_is_not_marked_exchange_official" time="0.034" /><testcase classname="tests.test_trading_rules" name="test_business_day_fallback_marked_approximate" time="0.086" /><testcase classname="tests.test_trading_rules" name="test_stamp_duty_before_20230828" time="0.001" /><testcase classname="tests.test_trading_rules" name="test_stamp_duty_after_20230828" time="0.001" /><testcase classname="tests.test_trading_rules" name="test_buy_has_no_stamp_duty" time="0.001" /><testcase classname="tests.test_trading_rules" name="test_historical_fee_schedule_used_by_engine" time="0.002" /><testcase classname="tests.test_trading_rules" name="test_cash_dividend_preserves_economic_value" time="0.000" /><testcase classname="tests.test_trading_rules" name="test_stock_split_adjusts_shares_and_cost" time="0.000" /><testcase classname="tests.test_trading_rules" name="test_corporate_action_does_not_create_fake_pnl" time="0.000" /><testcase classname="tests.test_trading_rules" name="test_missing_corporate_actions_disclosed_in_audit" time="0.000" /><testcase classname="tests.test_trading_rules" name="test_partial_sell_recalculates_avg_cost" time="0.000" /><testcase classname="tests.test_trading_rules" name="test_partial_sell_stop_loss_uses_remaining_lots_cost" time="0.000" /><testcase classname="tests.test_trading_rules" name="test_position_state_equals_sum_of_lots" time="0.000" /><testcase classname="tests.test_trading_rules" name="test_audit_metadata_fail_closed" time="0.000" /><testcase classname="tests.test_trading_rules" name="test_audit_metadata_not_hardcoded" time="0.032" /><testcase classname="tests.test_trading_rules" name="test_api_cli_dashboard_share_same_audit_source" time="0.001" /><testcase classname="tests.test_trading_rules" name="test_st_status_changes_over_time" time="0.012" /><testcase classname="tests.test_trading_rules" name="test_future_st_status_not_visible_in_past" time="0.010" /><testcase classname="tests.test_trading_rules" name="test_current_st_never_backfills_history" time="0.004" /><testcase classname="tests.test_trading_rules" name="test_missing_historical_st_is_explicitly_unknown" time="0.264" /><testcase classname="tests.test_trading_rules" name="test_pending_orders_cancelled_at_backtest_end" time="0.012" /><testcase classname="tests.test_trading_rules" name="test_stale_price_warning_metrics" time="0.001" /><testcase classname="tests.test_trading_rules" name="test_trading_day_holding_period_calculation" time="0.001" /><testcase classname="tests.test_trading_rules" name="test_performance_metrics_definitions" time="0.004" /><testcase classname="tests.test_trading_rules" name="test_liquidity_participation_limit" time="0.001" /><testcase classname="tests.test_trading_rules" name="test_sector_constraint_audit_semantics" time="0.002" /><testcase classname="tests.test_trading_rules" name="test_benchmark_fill_is_date_series_only" time="0.001" /><testcase classname="tests.test_v8_features.TestFactorRegistryAndAlternatives" name="test_factor_registry_metadata" time="0.000" /><testcase classname="tests.test_v8_features.TestFactorRegistryAndAlternatives" name="test_compute_all_registered_factors" time="0.016" /><testcase classname="tests.test_v8_features.TestEnsembleQuantModel" name="test_ensemble_classification_fit_and_predict" time="0.256" /><testcase classname="tests.test_v8_features.TestEnsembleQuantModel" name="test_double_ensemble_and_mlp" time="0.177" /><testcase classname="tests.test_v8_features.TestPortfolioOptimizers" name="test_equal_weight_optimizer" time="0.002" /><testcase classname="tests.test_v8_features.TestPortfolioOptimizers" name="test_inverse_vol_optimizer" time="0.002" /><testcase classname="tests.test_v8_features.TestPortfolioOptimizers" name="test_score_weighted_optimizer" time="0.001" /><testcase classname="tests.test_v8_features.TestPortfolioOptimizers" name="test_risk_parity_optimizer" time="0.007" /><testcase classname="tests.test_v8_features.TestPortfolioOptimizers" name="test_constrained_qp_optimizer" time="0.005" /><testcase classname="tests.test_v8_features.TestPortfolioOptimizers" name="test_get_optimizer_factory" time="0.000" /><testcase classname="tests.test_v8_features.TestExecutionGateway" name="test_paper_broker_lifecycle" time="0.001" /><testcase classname="tests.test_v8_features.TestExecutionGateway" name="test_miniqmt_broker_mock_fallback" time="0.001" /><testcase classname="tests.test_v8_features.TestMessageNotification" name="test_daily_report_formatting" time="0.001" /><testcase classname="tests.test_v8_features.TestWalkForwardEnhancements" name="test_sample_weight_computation" time="0.004" /></testsuite></testsuites>