<?xml version="1.0" encoding="utf-8"?><testsuites name="pytest tests"><testsuite name="pytest" errors="0" failures="0" skipped="0" tests="590" time="324.134" timestamp="2026-09-05T02:49:38.077445+08:00" hostname="DESKTOP-IFP2D8C"><testcase classname="tests.test_adjustment_factors.TestEventParsing" name="test_events_sorted_and_positive" time="0.023" /><testcase classname="tests.test_adjustment_factors.TestPitStability" name="test_future_event_does_not_rewrite_history" time="0.016" /><testcase classname="tests.test_adjustment_factors.TestPitStability" name="test_past_prices_unchanged_after_future_event" time="0.105" /><testcase classname="tests.test_adjustment_factors.TestAdjustmentApplication" name="test_adj_price_formula" time="0.015" /><testcase classname="tests.test_adjustment_factors.TestAdjustmentApplication" name="test_factors_cached_to_parquet" time="0.018" /><testcase classname="tests.test_advanced_alphas" name="test_novel_alphas_extended" time="0.026" /><testcase classname="tests.test_advanced_optimizations.TestAdvancedMicrostructureFactors" name="test_microstructure_factors_registered" time="0.006" /><testcase classname="tests.test_advanced_optimizations.TestAdvancedMicrostructureFactors" name="test_compute_microstructure_factors" time="0.036" /><testcase classname="tests.test_advanced_optimizations.TestGramSchmidtOrthogonalizer" name="test_cross_sectional_orthogonalization" time="0.023" /><testcase classname="tests.test_advanced_optimizations.TestAsymmetricLossObjective" name="test_asymmetric_classification_objective" time="0.007" /><testcase classname="tests.test_advanced_optimizations.TestAsymmetricLossObjective" name="test_lightgbm_with_asymmetric_loss" time="0.026" /><testcase classname="tests.test_adversarial_certification.TestAdversarialCertification" name="test_arbitrary_raw_csv_not_automatically_official" time="0.049" /><testcase classname="tests.test_adversarial_certification.TestAdversarialCertification" name="test_missing_source_metadata_blocks_official_classification" time="0.013" /><testcase classname="tests.test_adversarial_certification.TestAdversarialCertification" name="test_fake_source_metadata_boolean_cannot_self_certify" time="0.016" /><testcase classname="tests.test_adversarial_certification.TestAdversarialCertification" name="test_insecure_http_url_rejected" time="0.011" /><testcase classname="tests.test_adversarial_certification.TestAdversarialCertification" name="test_impersonated_subdomain_url_rejected" time="0.009" /><testcase classname="tests.test_adversarial_certification.TestAdversarialCertification" name="test_ip_literal_url_rejected" time="0.009" /><testcase classname="tests.test_adversarial_certification.TestAdversarialCertification" name="test_userinfo_in_url_rejected" time="0.008" /><testcase classname="tests.test_adversarial_certification.TestAdversarialCertification" name="test_operator_nonempty_signature_not_sufficient" time="0.011" /><testcase classname="tests.test_adversarial_certification.TestAdversarialCertification" name="test_operator_invalid_ed25519_signature_rejected" time="0.011" /><testcase classname="tests.test_adversarial_certification.TestAdversarialCertification" name="test_operator_valid_registered_signature_accepted" time="0.013" /><testcase classname="tests.test_adversarial_certification.TestAdversarialCertification" name="test_unknown_operator_rejected" time="0.012" /><testcase classname="tests.test_adversarial_certification.TestAdversarialCertification" name="test_downloader_key_cannot_sign_runtime" time="0.008" /><testcase classname="tests.test_adversarial_certification.TestAdversarialCertification" name="test_runtime_key_cannot_sign_acquisition" time="0.007" /><testcase classname="tests.test_adversarial_certification.TestAdversarialCertification" name="test_operator_key_cannot_sign_runtime" time="0.008" /><testcase classname="tests.test_adversarial_certification.TestAdversarialCertification" name="test_valid_signature_wrong_purpose_rejected" time="0.006" /><testcase classname="tests.test_adversarial_certification.TestAdversarialCertification" name="test_cross_protocol_signature_reuse_rejected" time="0.006" /><testcase classname="tests.test_adversarial_certification.TestAdversarialCertification" name="test_runtime_commit_mismatch_rejected" time="0.286" /><testcase classname="tests.test_adversarial_certification.TestAdversarialCertification" name="test_runtime_tree_hash_mismatch_rejected" time="0.616" /><testcase classname="tests.test_adversarial_certification.TestAdversarialCertification" name="test_dirty_runtime_start_rejected" time="0.911" /><testcase classname="tests.test_adversarial_certification.TestAdversarialCertification" name="test_historical_attestation_not_labeled_current" time="0.015" /><testcase classname="tests.test_adversarial_certification.TestAdversarialCertification" name="test_legacy_corporate_record_non_certifying" time="0.007" /><testcase classname="tests.test_adversarial_certification.TestAdversarialCertification" name="test_corporate_evidence_requires_evidence_dir" time="0.006" /><testcase classname="tests.test_adversarial_certification.TestAdversarialCertification" name="test_corporate_raw_result_file_required" time="0.015" /><testcase classname="tests.test_adversarial_certification.TestAdversarialCertification" name="test_corporate_raw_result_hash_verified" time="0.019" /><testcase classname="tests.test_adversarial_certification.TestAdversarialCertification" name="test_corporate_response_file_hash_verified" time="0.017" /><testcase classname="tests.test_adversarial_certification.TestAdversarialCertification" name="test_corporate_dataset_manifest_verified" time="0.019" /><testcase classname="tests.test_adversarial_certification.TestAdversarialCertification" name="test_fake_64hex_market_manifest_rejected" time="0.006" /><testcase classname="tests.test_adversarial_certification.TestAdversarialCertification" name="test_fake_64hex_factor_manifest_rejected" time="0.009" /><testcase classname="tests.test_adversarial_certification.TestAdversarialCertification" name="test_fake_64hex_universe_manifest_rejected" time="0.006" /><testcase classname="tests.test_adversarial_certification.TestAdversarialCertification" name="test_manifest_parent_chain_mismatch_rejected" time="0.009" /><testcase classname="tests.test_adversarial_certification.TestAdversarialCertification" name="test_runtime_config_full_dataclass_hash" time="0.012" /><testcase classname="tests.test_adversarial_certification.TestAdversarialCertification" name="test_runtime_config_commission_mutation_changes_hash" time="0.010" /><testcase classname="tests.test_adversarial_certification.TestAdversarialCertification" name="test_runtime_config_lgbm_mutation_changes_hash" time="0.012" /><testcase classname="tests.test_adversarial_certification.TestAdversarialCertification" name="test_runtime_config_all_critical_param_mutations" time="0.061" /><testcase classname="tests.test_adversarial_certification.TestAdversarialCertification" name="test_rfc8032_test_vector_1" time="0.459" /><testcase classname="tests.test_adversarial_certification.TestAdversarialCertification" name="test_rfc8032_test_vector_2" time="0.617" /><testcase classname="tests.test_adversarial_certification.TestAdversarialCertification" name="test_rfc8032_test_vector_3" time="0.529" /><testcase classname="tests.test_adversarial_certification.TestAdversarialCertification" name="test_cross_library_ed25519_verification" time="0.449" /><testcase classname="tests.test_adversarial_certification.TestAdversarialCertification" name="test_revoked_key_rejected" time="0.008" /><testcase classname="tests.test_adversarial_certification.TestAdversarialCertification" name="test_expired_key_rejected" time="0.007" /><testcase classname="tests.test_adversarial_certification.TestAdversarialCertification" name="test_future_not_before_key_rejected" time="0.008" /><testcase classname="tests.test_adversarial_certification.TestAdversarialCertification" name="test_repo_contains_no_production_private_keys" time="1.218" /><testcase classname="tests.test_adversarial_certification.TestAdversarialCertification" name="test_forged_envelope_with_deterministic_sha_rejected" time="0.009" /><testcase classname="tests.test_adversarial_certification.TestAdversarialCertification" name="test_point_in_time_provider_constructor_cannot_set_verified" time="0.012" /><testcase classname="tests.test_adversarial_certification.TestAdversarialCertification" name="test_set_baseline_snapshot_does_not_promote_unverified_source" time="0.011" /><testcase classname="tests.test_adversarial_certification.TestAdversarialCertification" name="test_test_fixture_provider_never_production_verified" time="0.011" /><testcase classname="tests.test_adversarial_certification.TestAdversarialCertification" name="test_external_trust_root_missing_blocks_verified" time="0.010" /><testcase classname="tests.test_adversarial_certification.TestAdversarialCertification" name="test_external_trust_root_mismatch_blocks_verified" time="0.008" /><testcase classname="tests.test_adversarial_certification.TestAdversarialCertification" name="test_agent_replaces_runtime_public_key_but_external_pin_rejects" time="0.009" /><testcase classname="tests.test_adversarial_certification.TestAdversarialCertification" name="test_agent_replaces_all_public_keys_but_external_pin_rejects" time="0.010" /><testcase classname="tests.test_adversarial_certification.TestAdversarialCertification" name="test_runtime_envelope_binds_trusted_keyring_hash" time="0.010" /><testcase classname="tests.test_adversarial_certification.TestAdversarialCertification" name="test_trust_root_cannot_be_auto_initialized" time="0.012" /><testcase classname="tests.test_adversarial_certification.TestAdversarialCertification" name="test_corporate_zero_event_requires_authenticated_receipt" time="0.025" /><testcase classname="tests.test_adversarial_certification.TestAdversarialCertification" name="test_fake_zero_event_files_with_correct_hash_rejected" time="0.031" /><testcase classname="tests.test_adversarial_certification.TestAdversarialCertification" name="test_nonempty_corporate_coverage_requires_authenticated_dataset" time="0.009" /><testcase classname="tests.test_adversarial_certification.TestAdversarialCertification" name="test_corporate_dataset_source_metadata_required" time="0.012" /><testcase classname="tests.test_adversarial_certification.TestAdversarialCertification" name="test_manifest_expected_hash_missing_not_verified" time="0.016" /><testcase classname="tests.test_adversarial_certification.TestAdversarialCertification" name="test_empty_manifest_schema_rejected" time="0.014" /><testcase classname="tests.test_adversarial_certification.TestAdversarialCertification" name="test_manifest_self_hash_without_parent_anchor_rejected" time="0.014" /><testcase classname="tests.test_adversarial_certification.TestAdversarialCertification" name="test_market_manifest_pipeline_integration" time="0.214" /><testcase classname="tests.test_adversarial_certification.TestAdversarialCertification" name="test_factor_manifest_pipeline_integration" time="0.012" /><testcase classname="tests.test_adversarial_certification.TestAdversarialCertification" name="test_universe_manifest_pipeline_integration" time="0.015" /><testcase classname="tests.test_adversarial_certification.TestAdversarialCertification" name="test_raw_boolean_manifest_verified_not_trusted" time="0.009" /><testcase classname="tests.test_adversarial_certification.TestAdversarialCertification" name="test_production_crypto_fails_without_cryptography" time="0.007" /><testcase classname="tests.test_adversarial_certification.TestAdversarialCertification" name="test_source_path_traversal_rejected" time="0.019" /><testcase classname="tests.test_adversarial_certification.TestAdversarialCertification" name="test_corporate_evidence_path_traversal_rejected" time="0.018" /><testcase classname="tests.test_adversarial_certification.TestAdversarialCertification" name="test_generate_report_requires_external_trust_root" time="0.811" /><testcase classname="tests.test_adversarial_certification.TestAdversarialCertification" name="test_forged_green_audit_metadata_cannot_bypass_external_pin" time="0.008" /><testcase classname="tests.test_adversarial_certification.TestAdversarialCertification" name="test_registry_replacement_signed_envelope_fails_end_to_end" time="0.654" /><testcase classname="tests.test_adversarial_certification.TestAdversarialCertification" name="test_constructor_changes_df_is_actually_loaded" time="0.008" /><testcase classname="tests.test_adversarial_certification.TestAdversarialCertification" name="test_factory_runtime_pit_state_matches_verified_dataframe" time="0.010" /><testcase classname="tests.test_adversarial_certification.TestAdversarialCertification" name="test_pit_verified_dataframe_hash_matches_provider_state" time="0.006" /><testcase classname="tests.test_adversarial_certification.TestAdversarialCertification" name="test_zero_event_missing_receipt_rejected" time="0.018" /><testcase classname="tests.test_adversarial_certification.TestAdversarialCertification" name="test_zero_event_missing_source_metadata_rejected" time="0.018" /><testcase classname="tests.test_adversarial_certification.TestAdversarialCertification" name="test_zero_event_boolean_true_without_parser_proof_rejected" time="0.023" /><testcase classname="tests.test_adversarial_certification.TestAdversarialCertification" name="test_zero_event_wrong_symbol_query_receipt_rejected" time="0.013" /><testcase classname="tests.test_adversarial_certification.TestAdversarialCertification" name="test_nonempty_corporate_requires_receipt" time="0.015" /><testcase classname="tests.test_adversarial_certification.TestAdversarialCertification" name="test_nonempty_corporate_requires_source_metadata" time="0.014" /><testcase classname="tests.test_adversarial_certification.TestAdversarialCertification" name="test_nonempty_corporate_requires_trust_anchor" time="0.030" /><testcase classname="tests.test_adversarial_certification.TestAdversarialCertification" name="test_corporate_dataset_no_raw_dir_rejected" time="0.013" /><testcase classname="tests.test_adversarial_certification.TestAdversarialCertification" name="test_corporate_dataset_missing_metadata_rejected" time="0.020" /><testcase classname="tests.test_adversarial_certification.TestAdversarialCertification" name="test_corporate_dataset_missing_receipt_rejected" time="0.019" /><testcase classname="tests.test_adversarial_certification.TestAdversarialCertification" name="test_corporate_manifest_required_for_verified" time="0.009" /><testcase classname="tests.test_adversarial_certification.TestAdversarialCertification" name="test_manifest_parent_anchor_missing_rejected" time="0.020" /><testcase classname="tests.test_adversarial_certification.TestAdversarialCertification" name="test_raw_boolean_market_manifest_verified_rejected" time="0.007" /><testcase classname="tests.test_adversarial_certification.TestAdversarialCertification" name="test_raw_boolean_factor_manifest_verified_rejected" time="0.010" /><testcase classname="tests.test_adversarial_certification.TestAdversarialCertification" name="test_raw_boolean_universe_manifest_verified_rejected" time="0.009" /><testcase classname="tests.test_adversarial_certification.TestAdversarialCertification" name="test_real_market_writer_matches_manifest_schema" time="0.209" /><testcase classname="tests.test_adversarial_certification.TestAdversarialCertification" name="test_real_factor_writer_matches_manifest_schema" time="0.016" /><testcase classname="tests.test_adversarial_certification.TestAdversarialCertification" name="test_factor_parent_manifest_uses_full_64hex_hash" time="0.015" /><testcase classname="tests.test_adversarial_certification.TestAdversarialCertification" name="test_market_source_identified_not_equal_authenticated" time="0.010" /><testcase classname="tests.test_adversarial_certification.TestAdversarialCertification" name="test_real_market_writer_uses_physical_source_hashes" time="0.196" /><testcase classname="tests.test_adversarial_certification.TestAdversarialCertification" name="test_corporate_error_json_not_zero_event" time="0.011" /><testcase classname="tests.test_adversarial_certification.TestAdversarialCertification" name="test_corporate_empty_dict_not_zero_event" time="0.008" /><testcase classname="tests.test_adversarial_certification.TestAdversarialCertification" name="test_corporate_empty_bytes_not_zero_event" time="0.009" /><testcase classname="tests.test_adversarial_certification.TestAdversarialCertification" name="test_corporate_valid_empty_json_is_zero_event" time="0.008" /><testcase classname="tests.test_adversarial_certification.TestAdversarialCertification" name="test_corporate_receipt_query_symbol_binding" time="0.030" /><testcase classname="tests.test_adversarial_certification.TestAdversarialCertification" name="test_corporate_receipt_query_window_binding" time="0.026" /><testcase classname="tests.test_adversarial_certification.TestAdversarialCertification" name="test_corporate_csv_parser_valid_and_invalid" time="0.018" /><testcase classname="tests.test_adversarial_certification.TestAdversarialCertification" name="test_pipeline_runtime_evidence_inputs_from_env" time="0.015" /><testcase classname="tests.test_adversarial_certification.TestAdversarialCertification" name="test_pipeline_unauthenticated_manifests_fail_closed_to_high_risk" time="0.890" /><testcase classname="tests.test_adversarial_certification.TestAdversarialCertification" name="test_corporate_receipt_missing_query_context_rejected" time="0.033" /><testcase classname="tests.test_adversarial_certification.TestAdversarialCertification" name="test_corporate_receipt_partial_query_context_rejected" time="0.036" /><testcase classname="tests.test_adversarial_certification.TestAdversarialCertification" name="test_corporate_receipt_wrong_resource_type_rejected" time="0.032" /><testcase classname="tests.test_adversarial_certification.TestAdversarialCertification" name="test_corporate_receipt_query_symbol_mismatch_rejected" time="0.028" /><testcase classname="tests.test_adversarial_certification.TestAdversarialCertification" name="test_corporate_receipt_query_range_replay_rejected" time="0.029" /><testcase classname="tests.test_adversarial_certification.TestAdversarialCertification" name="test_market_physical_hash_does_not_imply_authentication" time="0.023" /><testcase classname="tests.test_adversarial_certification.TestAdversarialCertification" name="test_market_missing_source_metadata_not_authenticated" time="0.034" /><testcase classname="tests.test_adversarial_certification.TestAdversarialCertification" name="test_market_missing_receipt_not_authenticated" time="0.033" /><testcase classname="tests.test_adversarial_certification.TestAdversarialCertification" name="test_market_invalid_receipt_signature_not_authenticated" time="0.033" /><testcase classname="tests.test_adversarial_certification.TestAdversarialCertification" name="test_market_authenticated_source_requires_exact_binding" time="0.034" /><testcase classname="tests.test_adversarial_certification.TestAdversarialCertification" name="test_pipeline_passes_corporate_evidence_dir" time="0.008" /><testcase classname="tests.test_adversarial_certification.TestAdversarialCertification" name="test_backtest_engine_corporate_validation_uses_evidence_dir" time="0.019" /><testcase classname="tests.test_adversarial_certification.TestAdversarialCertification" name="test_missing_corporate_evidence_dir_fails_closed" time="0.009" /><testcase classname="tests.test_adversarial_certification.TestAdversarialCertification" name="test_cached_parquet_does_not_imply_raw_provenance" time="0.198" /><testcase classname="tests.test_adversarial_certification.TestAdversarialCertification" name="test_cached_market_requires_manifest_verification_for_provenance" time="0.156" /><testcase classname="tests.test_adversarial_certification.TestAdversarialCertification" name="test_corporate_csv_symbol_only_rejected" time="0.010" /><testcase classname="tests.test_adversarial_certification.TestAdversarialCertification" name="test_corporate_csv_date_only_rejected" time="0.011" /><testcase classname="tests.test_adversarial_certification.TestAdversarialCertification" name="test_corporate_csv_type_only_rejected" time="0.010" /><testcase classname="tests.test_adversarial_certification.TestAdversarialCertification" name="test_corporate_csv_full_required_schema_accepted" time="0.011" /><testcase classname="tests.test_adversarial_certification.TestAdversarialCertification" name="test_corporate_dataset_failure_cannot_be_overwritten_by_coverage_success" time="0.008" /><testcase classname="tests.test_adversarial_certification.TestAdversarialCertification" name="test_corporate_nonempty_actions_require_dataset_hash_verified" time="0.009" /><testcase classname="tests.test_adversarial_certification.TestAdversarialCertification" name="test_sync_cache_hit_does_not_imply_raw_provenance" time="0.198" /><testcase classname="tests.test_adversarial_certification.TestAdversarialCertification" name="test_raw_provenance_false_if_raw_files_deleted_after_cache_created" time="0.169" /><testcase classname="tests.test_aggressive_alpha" name="test_aggressive_portfolio_generation" time="0.019" /><testcase classname="tests.test_audit_hardening" name="test_formal_runner_backtest_engine_signature_works" time="0.011" /><testcase classname="tests.test_audit_hardening" name="test_formal_runner_calls_real_engine_run" time="0.031" /><testcase classname="tests.test_audit_hardening" name="test_formal_runner_produces_real_performance_analyzer_metrics" time="0.048" /><testcase classname="tests.test_audit_hardening" name="test_fresh_backtest_engine_per_fold_and_model" time="0.010" /><testcase classname="tests.test_audit_hardening" name="test_research_model_never_overwrites_production" time="0.234" /><testcase classname="tests.test_audit_hardening" name="test_direct_model_save_cannot_write_production" time="0.012" /><testcase classname="tests.test_audit_hardening" name="test_subdirectory_under_production_is_rejected" time="0.014" /><testcase classname="tests.test_audit_hardening" name="test_lightgbm_bundle_load_round_trip_and_task_compatibility" time="0.029" /><testcase classname="tests.test_audit_hardening" name="test_full_production_directory_sha_snapshot_unchanged" time="0.379" /><testcase classname="tests.test_audit_hardening" name="test_missing_requested_label_fails_closed" time="0.018" /><testcase classname="tests.test_audit_hardening" name="test_evaluator_strict_label_resolution_fails_closed" time="0.016" /><testcase classname="tests.test_audit_hardening" name="test_train_purge_insufficient_fails_closed" time="0.016" /><testcase classname="tests.test_audit_hardening" name="test_val_purge_insufficient_fails_closed" time="0.018" /><testcase classname="tests.test_audit_hardening" name="test_missing_canonical_calendar_fails_closed" time="0.009" /><testcase classname="tests.test_audit_hardening" name="test_zero_overlap_canonical_calendar_fails_closed" time="0.013" /><testcase classname="tests.test_audit_hardening" name="test_same_canonical_hash_used_by_both_labelers" time="0.013" /><testcase classname="tests.test_audit_hardening" name="test_missing_announcement_not_pit_certified" time="0.032" /><testcase classname="tests.test_audit_hardening" name="test_late_announcement_unavailable_early" time="0.040" /><testcase classname="tests.test_audit_hardening" name="test_pit_provenance_survives_daily_merge" time="0.039" /><testcase classname="tests.test_audit_hardening" name="test_all_equal_predictions_do_not_fabricate_fake_quantile_spread" time="0.020" /><testcase classname="tests.test_audit_hardening" name="test_row_shuffle_does_not_change_quantile_output" time="0.076" /><testcase classname="tests.test_audit_hardening" name="test_daily_equal_weight_quantile_aggregation" time="0.011" /><testcase classname="tests.test_audit_hardening" name="test_feature_min_rank_ic_enforced_in_strict_mode" time="0.062" /><testcase classname="tests.test_audit_hardening" name="test_annual_stability_enforced_when_applicable" time="0.080" /><testcase classname="tests.test_audit_hardening" name="test_execution_exit_defer_exceeding_policy_invalidates_label" time="0.057" /><testcase classname="tests.test_audit_hardening" name="test_regression_native_pool_independent_of_classification_label" time="0.014" /><testcase classname="tests.test_audit_hardening" name="test_fold_trading_evidence_actually_fold_specific" time="0.010" /><testcase classname="tests.test_audit_hardening" name="test_robust_status_requires_bootstrap_evidence" time="0.013" /><testcase classname="tests.test_audit_hardening" name="test_seed_status_derives_from_actual_seeds_42_100_2024" time="0.010" /><testcase classname="tests.test_audit_hardening" name="test_gate_matrix_contains_actual_threshold_evidence_fields" time="0.008" /><testcase classname="tests.test_audit_hardening" name="test_overall_verified_cannot_occur_if_one_required_p0_gate_fails" time="0.009" /><testcase classname="tests.test_audit_hardening" name="test_git_status_derived_from_real_command" time="0.084" /><testcase classname="tests.test_audit_hardening" name="test_artifact_manifest_hashes_verify" time="0.007" /><testcase classname="tests.test_bagging_ensemble" name="test_bagging_ensemble_fit_and_predict" time="0.042" /><testcase classname="tests.test_canonical_calendar_provenance" name="test_1_canonical_calendar_files_exist" time="0.010" /><testcase classname="tests.test_canonical_calendar_provenance" name="test_2_calendar_physical_hash_matches_manifest" time="0.011" /><testcase classname="tests.test_canonical_calendar_provenance" name="test_3_calendar_invariants_and_dates_integrity" time="0.007" /><testcase classname="tests.test_canonical_calendar_provenance" name="test_4_certification_gate_compliance" time="0.008" /><testcase classname="tests.test_canonical_calendar_provenance" name="test_5_market_v2_calendar_overlap" time="0.290" /><testcase classname="tests.test_chaos_stress_pipeline.TestChaosStressPipeline" name="test_chaos_1_consecutive_limit_down_liquidity_freeze" time="0.011" /><testcase classname="tests.test_chaos_stress_pipeline.TestChaosStressPipeline" name="test_chaos_2_consecutive_limit_up_anti_chasing" time="0.009" /><testcase classname="tests.test_chaos_stress_pipeline.TestChaosStressPipeline" name="test_chaos_3_dirty_data_resilience" time="0.054" /><testcase classname="tests.test_chaos_stress_pipeline.TestChaosStressPipeline" name="test_chaos_4_capital_conservation_law" time="0.007" /><testcase classname="tests.test_chaos_stress_pipeline.TestChaosStressPipeline" name="test_chaos_5_small_capital_boundary_10k" time="0.007" /><testcase classname="tests.test_chaos_stress_pipeline.TestChaosStressPipeline" name="test_chaos_6_temporal_permutation_invariance" time="0.099" /><testcase classname="tests.test_corporate_actions.TestFetchNormalization" name="test_normalize_cninfo_columns" time="0.015" /><testcase classname="tests.test_corporate_actions.TestFetchNormalization" name="test_empty_result" time="0.010" /><testcase classname="tests.test_corporate_actions.TestValidation" name="test_future_ex_date_flagged" time="0.012" /><testcase classname="tests.test_corporate_actions.TestValidation" name="test_negative_ratio_flagged" time="0.012" /><testcase classname="tests.test_corporate_actions.TestValidation" name="test_valid_events_pass" time="0.011" /><testcase classname="tests.test_corporate_actions.TestPanelAndCache" name="test_panel_manifest" time="0.051" /><testcase classname="tests.test_corporate_actions.TestPanelAndCache" name="test_cache_reuse" time="0.031" /><testcase classname="tests.test_corporate_actions.TestCrossSourceConsistency" name="test_cninfo_ex_dates_match_hfq_factor_events" time="0.439" /><testcase classname="tests.test_data_fetcher_pit_adjustment.TestPitAdjustment" name="test_ratio_formula" time="0.016" /><testcase classname="tests.test_data_fetcher_pit_adjustment.TestPitAdjustment" name="test_future_event_does_not_change_history" time="0.029" /><testcase classname="tests.test_data_fetcher_pit_adjustment.TestPitAdjustment" name="test_base_is_start_date_factor" time="0.032" /><testcase classname="tests.test_data_fetcher_pit_adjustment.TestPitAdjustment" name="test_invalid_factor_table_fails_closed" time="0.015" /><testcase classname="tests.test_data_fetcher_pit_adjustment.TestPitAdjustment" name="test_columns_and_metadata" time="0.019" /><testcase classname="tests.test_drl_model" name="test_drl_model_inference" time="0.139" /><testcase classname="tests.test_evidence_integrity" name="test_pit_certification_negative_cases" time="0.025" /><testcase classname="tests.test_evidence_integrity" name="test_pit_certification_positive_case" time="0.017" /><testcase classname="tests.test_evidence_integrity" name="test_universe_provider_factory" time="0.008" /><testcase classname="tests.test_evidence_integrity" name="test_four_year_pit_pipeline_e2e_integration" time="51.692" /><testcase classname="tests.test_evidence_integrity" name="test_in_universe_fail_closed_and_empty_universe" time="0.021" /><testcase classname="tests.test_evidence_integrity" name="test_manifest_chained_lineage_and_strict_load" time="0.009" /><testcase classname="tests.test_evidence_integrity" name="test_qfq_pit_safety_invariance_proof" time="0.068" /><testcase classname="tests.test_evidence_integrity" name="test_audit_collector_anti_forgery_blocks_override" time="0.009" /><testcase classname="tests.test_evidence_integrity" name="test_corporate_action_coverage_with_zero_events" time="0.031" /><testcase classname="tests.test_evidence_integrity" name="test_corporate_action_split_partial_fill_conservation" time="0.008" /><testcase classname="tests.test_evidence_integrity" name="test_cash_dividend_trailing_stop_protection" time="0.007" /><testcase classname="tests.test_evidence_integrity" name="test_price_limit_rule_engine_comprehensive" time="0.009" /><testcase classname="tests.test_evidence_integrity" name="test_true_production_pit_e2e" time="0.624" /><testcase classname="tests.test_evidence_integrity" name="test_qfq_pit_safety_dual_snapshot_invariance" time="0.076" /><testcase classname="tests.test_evidence_integrity" name="test_benchmark_cross_symbol_leakage_rejected" time="0.010" /><testcase classname="tests.test_evidence_integrity" name="test_factor_cache_streaming_sha256_rejection" time="0.012" /><testcase classname="tests.test_evidence_integrity" name="test_certification_policy_truth_table" time="0.007" /><testcase classname="tests.test_evidence_integrity" name="test_corporate_action_provider_factory" time="0.007" /><testcase classname="tests.test_execution_safety.TestExecutionSafetyGuard" name="test_single_stock_20pct_cap" time="0.007" /><testcase classname="tests.test_execution_safety.TestExecutionSafetyGuard" name="test_capital_utilization_95pct_cap" time="0.006" /><testcase classname="tests.test_execution_safety.TestExecutionSafetyGuard" name="test_daily_turnover_50pct_circuit_breaker" time="0.006" /><testcase classname="tests.test_execution_safety.TestExecutionSafetyGuard" name="test_price_deviation_and_limit_up_guard" time="0.006" /><testcase classname="tests.test_execution_safety.TestExecutionSafetyGuard" name="test_pre_rebalance_cancellation_and_rebalancing" time="0.007" /><testcase classname="tests.test_execution_safety.TestExecutionSafetyGuard" name="test_miniqmt_disconnect_strictly_blocks_orders_without_fake_simulation" time="0.006" /><testcase classname="tests.test_factor_matrix_v2_lineage" name="test_1_market_input_hash_correct" time="0.039" /><testcase classname="tests.test_factor_matrix_v2_lineage" name="test_2_factor_output_hash_correct" time="0.341" /><testcase classname="tests.test_factor_matrix_v2_lineage" name="test_3_manifest_binding_correct" time="0.007" /><testcase classname="tests.test_factor_matrix_v2_lineage" name="test_4_rebuild_hash_consistency_provenance" time="0.026" /><testcase classname="tests.test_factor_matrix_v2_lineage" name="test_5_raw_circ_mv_exists_and_unstandardized" time="0.395" /><testcase classname="tests.test_factor_matrix_v2_lineage" name="test_6_cannot_reconstruct_raw_mv_from_standardized_log_circ_mv" time="0.138" /><testcase classname="tests.test_factor_research" name="test_a_share_t_plus_1_settlement_cannot_sell_same_day" time="0.037" /><testcase classname="tests.test_factor_research" name="test_long_only_excess_uses_benchmark_return_not_benchmark_price" time="0.021" /><testcase classname="tests.test_factor_research" name="test_strict_excess_research_aborts_when_benchmark_open_missing" time="0.151" /><testcase classname="tests.test_factor_research" name="test_real_data_manager_limit_schema_is_consumed_by_execution_engine" time="0.014" /><testcase classname="tests.test_factor_research" name="test_limit_down_at_t_plus_2_delays_exit_to_t_plus_3" time="0.019" /><testcase classname="tests.test_factor_research" name="test_suspension_delays_exit" time="0.018" /><testcase classname="tests.test_factor_research" name="test_geometric_cagr_not_equal_to_arithmetic_mean" time="0.023" /><testcase classname="tests.test_factor_research" name="test_factor_cache_invalidated_when_benchmark_open_missing" time="0.006" /><testcase classname="tests.test_factor_research" name="test_factor_matrix_hash_binds_date_symbol_identity" time="0.287" /><testcase classname="tests.test_factor_research" name="test_walk_forward_global_fdr_rejects_spurious_horizons" time="1.281" /><testcase classname="tests.test_factor_research" name="test_annual_stability_fails_closed_when_no_valid_year" time="0.012" /><testcase classname="tests.test_factor_research" name="test_benchmark_open_close_alignment_is_date_only" time="0.244" /><testcase classname="tests.test_factor_research" name="test_neutralization_insufficient_cross_section_returns_null_not_raw_ic" time="0.760" /><testcase classname="tests.test_factor_research" name="test_development_sample_cannot_be_oos_certified" time="0.136" /><testcase classname="tests.test_factor_research" name="test_changing_validation_prices_cannot_affect_train_factor_selection" time="25.556" /><testcase classname="tests.test_factor_research" name="test_market_dataset_contains_alpha158_required_price_columns" time="0.098" /><testcase classname="tests.test_factor_research" name="test_committed_factor_matrix_contains_benchmark_open" time="0.015" /><testcase classname="tests.test_factor_research" name="test_clean_checkout_schema_gate_rejects_missing_open" time="0.014" /><testcase classname="tests.test_factor_research" name="test_alpha158_fails_with_explicit_schema_error_not_keyerror" time="0.007" /><testcase classname="tests.test_factor_research" name="test_factor_rebuild_from_committed_market_dataset_succeeds" time="19.418" /><testcase classname="tests.test_factor_research" name="test_clean_checkout_research_pipeline_smoke" time="74.665" /><testcase classname="tests.test_factor_research" name="test_security_master_contains_300_symbols_with_listing_dates" time="0.009" /><testcase classname="tests.test_factor_research" name="test_pit_universe_filter_filters_subnew_stocks" time="0.008" /><testcase classname="tests.test_factor_research" name="test_pit_universe_cross_section_scale_exceeds_100" time="0.113" /><testcase classname="tests.test_factor_research" name="test_production_research_dataset_schema_and_benchmark_open" time="0.284" /><testcase classname="tests.test_factor_research" name="test_purged_walk_forward_produces_ge_3_folds" time="12.003" /><testcase classname="tests.test_factor_research" name="test_production_market_manifest_hash_matches_physical_file" time="0.039" /><testcase classname="tests.test_factor_research" name="test_production_factor_manifest_hash_matches_physical_file" time="0.397" /><testcase classname="tests.test_factor_research" name="test_pit_baseline_requires_exactly_300_symbols" time="0.010" /><testcase classname="tests.test_factor_research" name="test_pit_coverage_end_not_in_future" time="0.012" /><testcase classname="tests.test_factor_research" name="test_pit_verified_requires_raw_evidence" time="0.024" /><testcase classname="tests.test_factor_research" name="test_empty_st_timeline_does_not_mean_verified_zero_st" time="0.012" /><testcase classname="tests.test_factor_research" name="test_subnew_filter_uses_trading_days" time="0.010" /><testcase classname="tests.test_factor_research" name="test_universe_trace_count_conservation" time="0.010" /><testcase classname="tests.test_factor_research" name="test_neutralization_fail_closed" time="0.013" /><testcase classname="tests.test_factor_research" name="test_neutralization_removes_size_exposure" time="0.008" /><testcase classname="tests.test_factor_research" name="test_neutralization_preserves_index_alignment" time="0.038" /><testcase classname="tests.test_factor_research" name="test_orthogonalization_reduces_factor_correlation" time="0.009" /><testcase classname="tests.test_factor_research" name="test_wf_selection_train_only" time="7.232" /><testcase classname="tests.test_factor_research" name="test_wf_horizon_train_only" time="6.907" /><testcase classname="tests.test_factor_research" name="test_global_fdr_family_size_395_for_full_79_factor_run" time="0.007" /><testcase classname="tests.test_factor_research" name="test_ci_smoke_cannot_overwrite_production_reports" time="0.010" /><testcase classname="tests.test_factor_research" name="test_ci_smoke_validator_cannot_certify_production" time="0.010" /><testcase classname="tests.test_factor_research" name="test_production_ready_requires_neutralization_valid" time="0.008" /><testcase classname="tests.test_formal_research_runner_e2e" name="test_formal_research_runner_smoke_completes" time="6.276" /><testcase classname="tests.test_formal_research_runner_e2e" name="test_backtest_runs_do_not_share_state" time="0.049" /><testcase classname="tests.test_formal_research_runner_e2e" name="test_real_fold_metrics_not_copied_constants" time="4.854" /><testcase classname="tests.test_fundamental_pit_lineage" name="test_1_fundamental_pit_files_exist" time="0.006" /><testcase classname="tests.test_fundamental_pit_lineage" name="test_2_fundamental_pit_hash_matches_manifest" time="0.024" /><testcase classname="tests.test_fundamental_pit_lineage" name="test_3_pit_chronology_no_lookahead" time="0.090" /><testcase classname="tests.test_fundamental_pit_lineage" name="test_4_manifest_certification_gate_compliance" time="0.008" /><testcase classname="tests.test_fundamental_pit_lineage" name="test_5_fundamental_indicators_present" time="0.093" /><testcase classname="tests.test_gen5_model" name="test_gated_cross_attention" time="0.012" /><testcase classname="tests.test_gen5_model" name="test_deep_rank_forward" time="0.010" /><testcase classname="tests.test_gen5_model" name="test_gen5_model_fit_predict" time="3.646" /><testcase classname="tests.test_genetic_and_graph.TestGeneticAlphaMiner" name="test_time_series_operators" time="0.011" /><testcase classname="tests.test_genetic_and_graph.TestGeneticAlphaMiner" name="test_genetic_miner_execution" time="0.012" /><testcase classname="tests.test_genetic_and_graph.TestBayesianHyperTuner" name="test_hyper_tuner_optimization" time="0.160" /><testcase classname="tests.test_genetic_and_graph.TestIndustryGraphAndMaskEngine" name="test_industry_graph_relational_engine" time="0.023" /><testcase classname="tests.test_genetic_and_graph.TestIndustryGraphAndMaskEngine" name="test_tradability_mask_engine" time="0.012" /><testcase classname="tests.test_label_registry" name="test_label_registry_monotonicity_and_costs" time="0.027" /><testcase classname="tests.test_label_registry" name="test_suspended_or_limit_up_entry_becomes_nan" time="0.015" /><testcase classname="tests.test_live_api" name="test_live_market_api" time="0.053" /><testcase classname="tests.test_live_api" name="test_live_news_api" time="0.205" /><testcase classname="tests.test_mega_ensemble" name="test_mega_ensemble_fit_and_predict" time="0.080" /><testcase classname="tests.test_model_decision_certification" name="test_classification_binary_label_filtering_cannot_shrink_common_ranking_pool" time="0.160" /><testcase classname="tests.test_model_decision_certification" name="test_all_models_common_oos_dates_consistent" time="0.274" /><testcase classname="tests.test_model_decision_certification" name="test_rankic_uses_continuous_label_excess_20d" time="0.150" /><testcase classname="tests.test_model_decision_certification" name="test_bootstrap_cannot_compare_model_to_itself" time="0.007" /><testcase classname="tests.test_model_decision_certification" name="test_block_size_ge_label_horizon" time="0.007" /><testcase classname="tests.test_model_decision_certification" name="test_certification_nw_lag_equals_label_horizon" time="0.154" /><testcase classname="tests.test_model_decision_certification" name="test_prediction_champion_status_logic" time="0.006" /><testcase classname="tests.test_model_decision_certification" name="test_baseline_winner_sets_baseline_remains_champion" time="0.006" /><testcase classname="tests.test_model_decision_certification" name="test_robust_model_improvement_found_requires_candidate_diff" time="0.006" /><testcase classname="tests.test_model_decision_certification" name="test_seed_robustness_requires_prediction_hash_evidence" time="0.006" /><testcase classname="tests.test_model_decision_certification" name="test_fast_ci_historical_completed_status_can_be_updated" time="0.007" /><testcase classname="tests.test_model_decision_certification" name="test_experiment_sha_must_exist" time="0.093" /><testcase classname="tests.test_model_decision_certification" name="test_trading_fold_metrics_are_not_hardcoded" time="0.012" /><testcase classname="tests.test_model_decision_certification" name="test_fold_win_ratio_derived_from_fold_metrics" time="0.009" /><testcase classname="tests.test_model_decision_certification" name="test_seed_status_is_runtime_derived" time="0.009" /><testcase classname="tests.test_model_decision_certification" name="test_phase_2_1_ready_is_runtime_derived" time="0.006" /><testcase classname="tests.test_model_decision_certification" name="test_worst_decile_mean_is_actual_bottom_decile_mean" time="0.013" /><testcase classname="tests.test_model_decision_certification" name="test_artifact_reuse_compatibility_validation" time="0.006" /><testcase classname="tests.test_model_decision_certification" name="test_bootstrap_artifact_is_valid" time="0.008" /><testcase classname="tests.test_model_decision_certification" name="test_negative_nw20_passes_structural_certification" time="0.007" /><testcase classname="tests.test_model_decision_certification" name="test_two_tier_config_hash_sensitivity" time="0.006" /><testcase classname="tests.test_model_decision_certification" name="test_historical_config_reconstruction_from_git" time="0.176" /><testcase classname="tests.test_model_decision_certification" name="test_turnover_and_trade_consistency_gate" time="0.006" /><testcase classname="tests.test_model_decision_certification" name="test_trading_fold_stability_verified_csv_turnover" time="0.009" /><testcase classname="tests.test_model_registry.TestRegistration" name="test_research_only" time="0.117" /><testcase classname="tests.test_model_registry.TestRegistration" name="test_cannot_register_directly_as_production" time="0.024" /><testcase classname="tests.test_model_registry.TestRegistration" name="test_record_lineage" time="0.117" /><testcase classname="tests.test_model_registry.TestPromotionGates" name="test_research_to_candidate_needs_metrics" time="0.116" /><testcase classname="tests.test_model_registry.TestPromotionGates" name="test_candidate_to_approved_needs_certification" time="0.128" /><testcase classname="tests.test_model_registry.TestPromotionGates" name="test_production_requires_approver_prospective_paper" time="0.129" /><testcase classname="tests.test_model_registry.TestPromotionGates" name="test_illegal_transition_rejected" time="0.113" /><testcase classname="tests.test_model_registry.TestProductionUniqueness" name="test_old_production_auto_archived" time="0.232" /><testcase classname="tests.test_model_registry.TestInference" name="test_no_production_model_rejects_inference" time="0.006" /><testcase classname="tests.test_model_registry.TestInference" name="test_production_inference_scores_and_ranks" time="0.152" /><testcase classname="tests.test_model_registry.TestInference" name="test_missing_features_fail_closed" time="0.141" /><testcase classname="tests.test_model_registry.TestInference" name="test_lineage_drift_detected" time="0.132" /><testcase classname="tests.test_model_research_integrity" name="test_20d_horizon_consistent_with_label_name" time="0.021" /><testcase classname="tests.test_model_research_integrity" name="test_legacy_2d_alias_not_used_for_training" time="0.008" /><testcase classname="tests.test_model_research_integrity" name="test_labeler_missing_benchmark_fails_closed" time="0.015" /><testcase classname="tests.test_model_research_integrity" name="test_outer_test_never_used_for_feature_selection" time="0.450" /><testcase classname="tests.test_model_research_integrity" name="test_outer_test_never_used_for_hyperparameter_tuning" time="0.115" /><testcase classname="tests.test_model_research_integrity" name="test_outer_test_never_used_for_calibration" time="0.062" /><testcase classname="tests.test_model_research_integrity" name="test_purge_gap_ge_label_horizon" time="0.008" /><testcase classname="tests.test_model_research_integrity" name="test_formal_production_insufficient_history_fails_closed" time="0.009" /><testcase classname="tests.test_model_research_integrity" name="test_feature_selection_only_train_window" time="0.564" /><testcase classname="tests.test_model_research_integrity" name="test_correlation_pruning_only_train_period" time="0.153" /><testcase classname="tests.test_model_research_integrity" name="test_lightgbm_ranker_group_by_date_correct" time="0.035" /><testcase classname="tests.test_model_research_integrity" name="test_ranker_group_size_sum_equals_sample_count" time="0.014" /><testcase classname="tests.test_model_research_integrity" name="test_double_ensemble_importance_works" time="0.063" /><testcase classname="tests.test_model_research_integrity" name="test_double_ensemble_save_load_works" time="0.063" /><testcase classname="tests.test_model_research_integrity" name="test_sample_weight_propagation_correct" time="0.197" /><testcase classname="tests.test_model_research_integrity" name="test_magnitude_weighting_cannot_use_binary_label" time="0.016" /><testcase classname="tests.test_model_research_integrity" name="test_deterministic_fixed_seed" time="0.065" /><testcase classname="tests.test_model_research_integrity" name="test_model_report_records_fold_boundaries" time="0.108" /><testcase classname="tests.test_model_research_integrity" name="test_production_missing_cannot_fallback_ci_fixture" time="0.006" /><testcase classname="tests.test_model_research_integrity" name="test_model_manifest_contains_source_sha" time="0.007" /><testcase classname="tests.test_model_research_integrity" name="test_source_change_invalidates_experiment" time="0.006" /><testcase classname="tests.test_model_research_integrity" name="test_daily_rankic_is_cross_sectional_by_date" time="0.278" /><testcase classname="tests.test_model_seed_propagation" name="test_walk_forward_trainer_stores_random_state" time="0.007" /><testcase classname="tests.test_model_seed_propagation" name="test_lightgbm_quant_model_accepts_and_observes_random_state" time="0.006" /><testcase classname="tests.test_model_seed_propagation" name="test_seed_42_and_2026_are_distinct" time="0.006" /><testcase classname="tests.test_model_seed_propagation" name="test_walk_forward_propagates_seed_to_models" time="0.079" /><testcase classname="tests.test_neutralization_parity" name="test_serial_parallel_neutralization_identical" time="4.214" /><testcase classname="tests.test_neutralization_parity" name="test_neutralization_preserves_empty_universe_and_nan" time="0.126" /><testcase classname="tests.test_no_leakage" name="test_1_feature_no_future_leakage" time="0.060" /><testcase classname="tests.test_no_leakage" name="test_2_walk_forward_purged_gap" time="10.120" /><testcase classname="tests.test_no_leakage" name="test_3_label_lookahead_boundary" time="0.028" /><testcase classname="tests.test_no_leakage" name="test_4_execution_date_strictly_after_signal_date" time="0.268" /><testcase classname="tests.test_no_leakage" name="test_5_grouped_ffill_no_cross_stock_leakage" time="0.078" /><testcase classname="tests.test_novel_alphas" name="test_novel_alphas_computation_and_evaluation" time="0.030" /><testcase classname="tests.test_phase2_1_a_execution_labeler" name="test_exact_t1_to_t21_mapping_and_gross_alpha" time="0.048" /><testcase classname="tests.test_phase2_1_a_execution_labeler" name="test_suspended_entry_rejects_even_when_price_is_present" time="0.052" /><testcase classname="tests.test_phase2_1_a_execution_labeler" name="test_volume_zero_entry_is_invalid" time="0.051" /><testcase classname="tests.test_phase2_1_a_execution_labeler" name="test_limit_up_entry_is_not_labeled_as_executable" time="0.056" /><testcase classname="tests.test_phase2_1_a_execution_labeler" name="test_limit_down_planned_exit_defers_to_first_sellable_day" time="0.048" /><testcase classname="tests.test_phase2_1_a_execution_labeler" name="test_suspended_planned_exit_defers_to_first_sellable_day" time="0.051" /><testcase classname="tests.test_phase2_1_a_execution_labeler" name="test_consecutive_unsellable_days_deferred_properly" time="0.051" /><testcase classname="tests.test_phase2_1_a_execution_labeler" name="test_no_executable_exit_before_data_end_fails_closed" time="0.048" /><testcase classname="tests.test_phase2_1_a_execution_labeler" name="test_transaction_cost_adjustment_reduces_stock_return_and_alpha" time="0.050" /><testcase classname="tests.test_phase2_1_a_execution_labeler" name="test_tail_rows_fail_closed_for_insufficient_forward_horizon" time="0.052" /><testcase classname="tests.test_phase2_1_a_execution_labeler" name="test_required_execution_state_columns_fail_closed" time="0.010" /><testcase classname="tests.test_phase2_1_a_execution_labeler" name="test_benchmark_missing_fails_closed" time="0.053" /><testcase classname="tests.test_phase2_1_a_execution_labeler" name="test_duplicate_date_symbol_fails_closed" time="0.010" /><testcase classname="tests.test_phase2_1_a_execution_labeler" name="test_nonfinite_label_fails_closed" time="0.051" /><testcase classname="tests.test_phase2_1_a_execution_labeler" name="test_common_train_pool_keys_identical" time="0.051" /><testcase classname="tests.test_phase2_1_a_execution_labeler" name="test_common_oos_pool_keys_identical" time="0.011" /><testcase classname="tests.test_phase2_1_a_execution_labeler" name="test_phase2_1_a_does_not_mutate_production_model" time="0.989" /><testcase classname="tests.test_phase2_1_a_git_provenance" name="test_tmp_git_repo_clean_working_tree_passes" time="0.669" /><testcase classname="tests.test_phase2_1_a_git_provenance" name="test_tmp_git_repo_dirty_tracked_file_fails" time="0.680" /><testcase classname="tests.test_phase2_1_a_git_provenance" name="test_tmp_git_repo_untracked_source_file_fails" time="0.744" /><testcase classname="tests.test_phase2_1_a_git_provenance" name="test_tmp_git_repo_ignored_runtime_artifact_passes" time="0.960" /><testcase classname="tests.test_phase2_1_a_git_provenance" name="test_tmp_git_repo_staged_file_fails" time="0.748" /><testcase classname="tests.test_phase2_1_a_git_provenance" name="test_tmp_git_repo_porcelain_leading_space_preserved" time="0.766" /><testcase classname="tests.test_phase2_1_a_git_provenance" name="test_git_true_remote_sha_parses_valid_ls_remote" time="0.006" /><testcase classname="tests.test_phase2_1_a_git_provenance" name="test_git_true_remote_sha_fails_closed_on_empty" time="0.006" /><testcase classname="tests.test_phase2_1_a_git_provenance" name="test_git_true_remote_sha_fails_closed_on_subprocess_error" time="0.006" /><testcase classname="tests.test_phase2_1_a_git_provenance" name="test_git_true_remote_sha_fails_closed_on_invalid_sha" time="0.006" /><testcase classname="tests.test_phase2_1_a_git_provenance" name="test_source_provenance_clean_and_true_remote_match_passes" time="0.005" /><testcase classname="tests.test_phase2_1_a_git_provenance" name="test_source_provenance_fails_on_dirty_tree" time="0.006" /><testcase classname="tests.test_phase2_1_a_git_provenance" name="test_source_provenance_fails_on_unknown_head" time="0.006" /><testcase classname="tests.test_phase2_1_a_git_provenance" name="test_source_provenance_fails_on_unknown_branch" time="0.007" /><testcase classname="tests.test_phase2_1_a_git_provenance" name="test_source_provenance_fails_on_unknown_true_remote" time="0.007" /><testcase classname="tests.test_phase2_1_a_git_provenance" name="test_source_provenance_fails_on_head_true_remote_mismatch" time="0.009" /><testcase classname="tests.test_phase2_1_b_objective_study" name="test_lambdarank_relevance_grades_range_and_deciles" time="0.015" /><testcase classname="tests.test_phase2_1_b_objective_study" name="test_lambdarank_relevance_no_cross_date_leakage" time="0.013" /><testcase classname="tests.test_phase2_1_b_objective_study" name="test_lambdarank_group_sizes_sum_and_chronology" time="0.052" /><testcase classname="tests.test_phase2_1_b_objective_study" name="test_three_arms_shared_structural_parameters" time="0.011" /><testcase classname="tests.test_phase2_1_b_objective_study" name="test_walk_forward_three_arms_isolated_execution" time="1.025" /><testcase classname="tests.test_phase2_1_b_objective_study" name="test_common_oos_pool_one_to_one_merge_and_metrics" time="0.101" /><testcase classname="tests.test_phase2_1_b_objective_study" name="test_production_model_dir_isolation_in_test" time="0.026" /><testcase classname="tests.test_phase2_1_b_r2_lambdarank_scope" name="test_lambdarank_ineligible_extreme_value_isolation" time="0.019" /><testcase classname="tests.test_phase2_1_b_r2_lambdarank_scope" name="test_lambdarank_scope_diagnostics_calculation" time="0.018" /><testcase classname="tests.test_phase2_1_b_r2_lambdarank_scope" name="test_daily_rankic_hash_canonical_calculation" time="0.013" /><testcase classname="tests.test_phase2_1_b_r2_lambdarank_scope" name="test_lambdarank_group_alignment_exact_dates" time="0.013" /><testcase classname="tests.test_phase2_1_b_r2_lambdarank_scope" name="test_environment_info_scipy_version_is_valid" time="0.011" /><testcase classname="tests.test_phase2_1_experiment_registry" name="test_baseline_registry_load_legacy_v1" time="0.804" /><testcase classname="tests.test_phase2_1_experiment_registry" name="test_baseline_registry_tamper_detection" time="0.374" /><testcase classname="tests.test_phase2_1_experiment_registry" name="test_baseline_immutability" time="0.808" /><testcase classname="tests.test_phase2_1_experiment_registry" name="test_missing_metric_comparison_fail_closed" time="0.820" /><testcase classname="tests.test_phase2_1_experiment_registry" name="test_valid_baseline_comparison" time="0.801" /><testcase classname="tests.test_phase2_1_experiment_registry" name="test_experiment_registry_rejects_malformed_manifest" time="0.011" /><testcase classname="tests.test_phase2_1_experiment_registry" name="test_experiment_registry_rejects_path_id_mismatch" time="0.012" /><testcase classname="tests.test_phase2_1_experiment_registry" name="test_experiment_registry_persists_atomically_and_rejects_duplicate" time="0.013" /><testcase classname="tests.test_phase2_1_label_schema" name="test_execution_aligned_label_schema_valid" time="0.008" /><testcase classname="tests.test_phase2_1_label_schema" name="test_invalid_timing_schema_fails" time="0.008" /><testcase classname="tests.test_phase2_1_label_schema" name="test_feature_set_schema_validation" time="0.006" /><testcase classname="tests.test_phase2_1_label_schema" name="test_feature_hash_is_order_sensitive" time="0.006" /><testcase classname="tests.test_phase2_1_label_schema" name="test_feature_schema_rejects_duplicates_and_cross_group_overlap" time="0.006" /><testcase classname="tests.test_phase2_1_legacy_freeze" name="test_legacy_v1_baseline_artifacts_exist" time="0.008" /><testcase classname="tests.test_phase2_1_legacy_freeze" name="test_3_tier_git_provenance_commits_exist" time="0.415" /><testcase classname="tests.test_phase2_1_legacy_freeze" name="test_legacy_metrics_derived_from_source_artifacts" time="0.010" /><testcase classname="tests.test_phase2_1_legacy_freeze" name="test_legacy_ranker_semantics_corrected" time="0.007" /><testcase classname="tests.test_phase2_1_legacy_freeze" name="test_freeze_evidence_json_validity" time="0.006" /><testcase classname="tests.test_phase2_1_legacy_freeze" name="test_legacy_git_seal_accepts_unmodified_copy" time="0.804" /><testcase classname="tests.test_phase2_1_legacy_freeze" name="test_legacy_manifest_tamper_is_blocked_by_git_seal" time="0.205" /><testcase classname="tests.test_phase2_1_legacy_freeze" name="test_legacy_hash_is_cross_platform_for_line_endings" time="0.008" /><testcase classname="tests.test_phase2_1_source_config_reader" name="test_ast_parsing_of_historical_settings" time="0.126" /><testcase classname="tests.test_phase2_1_source_config_reader" name="test_historical_model_semantics_are_proven_from_source" time="0.211" /><testcase classname="tests.test_phase2_1_source_config_reader" name="test_historical_source_semantics_fail_closed_if_guard_changes" time="0.199" /><testcase classname="tests.test_phase2_1_source_config_reader" name="test_effective_ranker_config_resolution" time="0.290" /><testcase classname="tests.test_phase2_1_source_config_reader" name="test_effective_config_hash_matches_frozen_baseline" time="0.287" /><testcase classname="tests.test_phase2_1_source_config_reader" name="test_ast_parser_fixture_sensitivity" time="0.007" /><testcase classname="tests.test_phase_a_hotfix.TestPaperBrokerT1" name="test_buy_creates_locked_position" time="0.006" /><testcase classname="tests.test_phase_a_hotfix.TestPaperBrokerT1" name="test_sell_before_unlock_rejected" time="0.006" /><testcase classname="tests.test_phase_a_hotfix.TestPaperBrokerT1" name="test_unlock_then_sell_succeeds" time="0.008" /><testcase classname="tests.test_phase_a_hotfix.TestPaperBrokerT1" name="test_unlock_does_not_free_same_day_buys" time="0.006" /><testcase classname="tests.test_phase_a_hotfix.TestPaperBrokerT1" name="test_unlock_frees_only_stale_buys_in_mixed_position" time="0.007" /><testcase classname="tests.test_phase_a_hotfix.TestPaperBrokerT1" name="test_full_rebalance_cycle_two_days" time="0.007" /><testcase classname="tests.test_phase_a_hotfix.TestSafetyGuardPriceAndLimit" name="test_main_board_buy_at_limit_blocked" time="0.007" /><testcase classname="tests.test_phase_a_hotfix.TestSafetyGuardPriceAndLimit" name="test_main_board_buy_below_limit_allowed" time="0.007" /><testcase classname="tests.test_phase_a_hotfix.TestSafetyGuardPriceAndLimit" name="test_chinext_board_threshold" time="0.007" /><testcase classname="tests.test_phase_a_hotfix.TestSafetyGuardPriceAndLimit" name="test_bse_board_threshold" time="0.007" /><testcase classname="tests.test_phase_a_hotfix.TestSafetyGuardPriceAndLimit" name="test_price_deviation_blocked" time="0.006" /><testcase classname="tests.test_phase_a_hotfix.TestSafetyGuardPriceAndLimit" name="test_price_deviation_allowed_within_threshold" time="0.007" /><testcase classname="tests.test_phase_a_hotfix.TestSafetyGuardPriceAndLimit" name="test_buy_without_pre_close_allowed" time="0.007" /><testcase classname="tests.test_phase_a_hotfix.TestSafetyGuardPriceAndLimit" name="test_sell_ignores_limit_check" time="0.006" /><testcase classname="tests.test_phase_a_hotfix.TestSafetyGuardPriceAndLimit" name="test_invalid_price_rejected" time="0.008" /><testcase classname="tests.test_phase_a_hotfix.TestExecuteStageRetry" name="test_success_first_try" time="0.007" /><testcase classname="tests.test_phase_a_hotfix.TestExecuteStageRetry" name="test_retry_then_success" time="0.037" /><testcase classname="tests.test_phase_a_hotfix.TestExecuteStageRetry" name="test_final_failure_raises" time="0.040" /><testcase classname="tests.test_phase_a_hotfix.TestExecuteStageRetry" name="test_retries_zero_means_single_attempt" time="0.007" /><testcase classname="tests.test_pit_state_integrity" name="test_pipeline_does_not_zero_fill_warmup_factors" time="1.039" /><testcase classname="tests.test_pit_state_integrity" name="test_build_factor_matrix_preserves_missing_values_before_model" time="0.622" /><testcase classname="tests.test_pit_state_integrity" name="test_missing_factor_pipeline_behavior_matches_direct_neutralization" time="0.010" /><testcase classname="tests.test_pit_state_integrity" name="test_data_manager_fetches_union_of_historical_constituents" time="0.007" /><testcase classname="tests.test_pit_state_integrity" name="test_removed_constituent_history_is_not_lost" time="0.008" /><testcase classname="tests.test_pit_state_integrity" name="test_non_member_not_used_in_daily_zscore" time="0.010" /><testcase classname="tests.test_pit_state_integrity" name="test_non_member_not_used_in_neutralization" time="0.010" /><testcase classname="tests.test_pit_state_integrity" name="test_one_constituent_event_does_not_clear_survivorship_risk" time="0.007" /><testcase classname="tests.test_pit_state_integrity" name="test_pit_requires_baseline_snapshot" time="0.009" /><testcase classname="tests.test_pit_state_integrity" name="test_pit_outside_coverage_window_fails_closed" time="0.008" /><testcase classname="tests.test_pit_state_integrity" name="test_cache_rejected_when_universe_changes" time="0.400" /><testcase classname="tests.test_pit_state_integrity" name="test_cached_synthetic_data_remains_marked_synthetic" time="0.117" /><testcase classname="tests.test_pit_state_integrity" name="test_partial_fill_preserves_remaining_quantity" time="0.007" /><testcase classname="tests.test_pit_state_integrity" name="test_order_quantity_conservation" time="0.007" /><testcase classname="tests.test_pit_state_integrity" name="test_daily_volume_capacity_shared_by_all_orders" time="0.009" /><testcase classname="tests.test_pit_state_integrity" name="test_split_adjusts_highest_price" time="0.006" /><testcase classname="tests.test_pit_state_integrity" name="test_split_adjusts_pending_order_quantity" time="0.007" /><testcase classname="tests.test_pit_state_integrity" name="test_dividend_included_in_lot_net_pnl" time="0.008" /><testcase classname="tests.test_pit_state_integrity" name="test_st_effective_state_forward_asof" time="0.155" /><testcase classname="tests.test_pit_state_integrity" name="test_st_timeline_survives_cache_reload" time="0.158" /><testcase classname="tests.test_pit_state_integrity" name="test_entire_missing_benchmark_date_ffilled_from_past" time="0.008" /><testcase classname="tests.test_pit_state_integrity" name="test_empty_audit_is_strictly_fail_closed" time="0.007" /><testcase classname="tests.test_pit_state_integrity" name="test_audit_certification_fields_cannot_be_forged_by_override" time="0.006" /><testcase classname="tests.test_pit_state_integrity" name="test_future_corporate_action_cannot_change_past_features" time="1.940" /><testcase classname="tests.test_pit_state_integrity" name="test_performance_exact_mathematical_assertions" time="0.032" /><testcase classname="tests.test_pit_state_integrity" name="test_2021_2024_pit_rolling_universe_integration" time="0.015" /><testcase classname="tests.test_pit_state_integrity" name="test_partial_fill_two_day_consecutive_execution_integration" time="0.011" /><testcase classname="tests.test_pit_state_integrity" name="test_corporate_action_pending_order_trailing_stop_integration" time="0.008" /><testcase classname="tests.test_production_hardening.TestProductionModelAdapterCompatibility" name="test_production_model_loads_via_batch_inference" time="0.018" /><testcase classname="tests.test_production_hardening.TestProductionModelAdapterCompatibility" name="test_production_model_predicts_correctly" time="0.040" /><testcase classname="tests.test_production_hardening.TestProductionModelAdapterCompatibility" name="test_all_registered_adapters_interface" time="0.008" /><testcase classname="tests.test_production_hardening.TestProductionModelAdapterCompatibility" name="test_unsupported_model_type_fails_closed" time="0.130" /><testcase classname="tests.test_production_hardening.TestSchedulerProductionModeDefense" name="test_scheduler_default_mode_is_inference" time="0.006" /><testcase classname="tests.test_production_hardening.TestSchedulerProductionModeDefense" name="test_production_runtime_blocks_research_mode" time="0.006" /><testcase classname="tests.test_production_hardening.TestSchedulerProductionModeDefense" name="test_production_env_var_blocks_research_mode" time="0.006" /><testcase classname="tests.test_production_hardening.TestSchedulerProductionModeDefense" name="test_bat_script_contains_explicit_inference_mode" time="0.007" /><testcase classname="tests.test_production_hardening.TestModelArtifactsAndAntiConfusingStructure" name="test_production_model_directory_structure" time="0.008" /><testcase classname="tests.test_production_hardening.TestModelArtifactsAndAntiConfusingStructure" name="test_production_model_object_class_matches_type" time="0.015" /><testcase classname="tests.test_production_hardening.TestModelArtifactsAndAntiConfusingStructure" name="test_legacy_artifacts_marked_and_preserved" time="0.011" /><testcase classname="tests.test_production_hardening.TestManifestIntegrityVerification" name="test_factor_matrix_manifest_hash_matches_parquet" time="0.344" /><testcase classname="tests.test_quantile_evaluation_integrity" name="test_evaluator_metrics_contain_total_dates" time="0.022" /><testcase classname="tests.test_quantile_evaluation_integrity" name="test_quantile_invariant_with_invalid_and_tie_dates" time="0.021" /><testcase classname="tests.test_quantile_evaluation_integrity" name="test_quantile_row_shuffle_invariance" time="0.052" /><testcase classname="tests.test_quantile_evaluation_integrity" name="test_quantile_cross_sectional_independence" time="0.023" /><testcase classname="tests.test_quantile_evaluation_integrity" name="test_quantile_no_future_label_leakage" time="0.020" /><testcase classname="tests.test_quantile_evaluation_integrity" name="test_governance_certification_quantile_gate_pass_and_fail_closed" time="0.423" /><testcase classname="tests.test_r3_2_evidence_integrity" name="test_missing_evidence_dir_cannot_pass" time="0.007" /><testcase classname="tests.test_r3_2_evidence_integrity" name="test_missing_label_valid_fails_certified_pool" time="0.007" /><testcase classname="tests.test_r3_2_evidence_integrity" name="test_native_pool_missing_in_universe_fails" time="0.007" /><testcase classname="tests.test_r3_2_evidence_integrity" name="test_native_pool_missing_exclusion_flag_fails" time="0.007" /><testcase classname="tests.test_r3_2_evidence_integrity" name="test_holdout_true_must_fail" time="0.132" /><testcase classname="tests.test_r3_2_evidence_integrity" name="test_missing_purge_field_cannot_pass" time="0.137" /><testcase classname="tests.test_r3_2_evidence_integrity" name="test_boolean_claims_cannot_self_certify" time="0.123" /><testcase classname="tests.test_r3_2_evidence_integrity" name="test_bootstrap_90_and_95_interval_percentiles" time="0.008" /><testcase classname="tests.test_r3_2_evidence_integrity" name="test_seed_failure_does_not_fail_infrastructure" time="0.132" /><testcase classname="tests.test_r3_2_evidence_integrity" name="test_required_gate_evidence_hash_not_empty" time="0.132" /><testcase classname="tests.test_r3_2_evidence_integrity" name="test_strict_purge_below_label_horizon_fails" time="0.007" /><testcase classname="tests.test_r3_2_evidence_integrity" name="test_artifact_manifest_tamper_fails" time="0.028" /><testcase classname="tests.test_r3_2_evidence_integrity" name="test_artifact_manifest_missing_file_fails" time="0.028" /><testcase classname="tests.test_r3_2_evidence_integrity" name="test_quantile_boolean_claims_without_runtime_counts_cannot_pass" time="0.147" /><testcase classname="tests.test_r3_2_evidence_integrity" name="test_synthetic_test_run_cannot_scientifically_certify" time="0.132" /><testcase classname="tests.test_r3_2_evidence_integrity" name="test_final_run_pointer_rejects_hash_or_provenance_mismatch" time="0.017" /><testcase classname="tests.test_risk_and_attribution.TestBarraFactorAttribution" name="test_compute_portfolio_style_exposure" time="0.011" /><testcase classname="tests.test_risk_and_attribution.TestBarraFactorAttribution" name="test_decompose_returns" time="0.009" /><testcase classname="tests.test_risk_and_attribution.TestBarraFactorAttribution" name="test_alpha_factor_explainer" time="0.007" /><testcase classname="tests.test_risk_and_attribution.TestDynamicRiskManager" name="test_market_regime_detection" time="0.007" /><testcase classname="tests.test_risk_and_attribution.TestDynamicRiskManager" name="test_volatility_targeting" time="0.008" /><testcase classname="tests.test_risk_and_attribution.TestDynamicRiskManager" name="test_dynamic_drawdown_circuit_breaker" time="0.008" /><testcase classname="tests.test_routes_1_to_5.TestRoutes1To5Integration" name="test_route_5_universe_profiles" time="0.009" /><testcase classname="tests.test_routes_1_to_5.TestRoutes1To5Integration" name="test_route_4_rebalancer_end_to_end" time="0.028" /><testcase classname="tests.test_routes_1_to_5.TestRoutes1To5Integration" name="test_route_3_notification_formatting" time="0.009" /><testcase classname="tests.test_routes_1_to_5.TestRoutes1To5Integration" name="test_full_pipeline_verification_e2e" time="35.609" /><testcase classname="tests.test_sentiment_engine" name="test_market_sentiment_detector" time="0.008" /><testcase classname="tests.test_sentiment_engine" name="test_news_catalyst_scorer" time="0.006" /><testcase classname="tests.test_st_timeline.TestSZPeriods" name="test_period_folding" time="0.014" /><testcase classname="tests.test_st_timeline.TestSZPeriods" name="test_get_periods_sz" time="0.029" /><testcase classname="tests.test_st_timeline.TestSZPeriods" name="test_get_periods_sh_returns_empty" time="0.011" /><testcase classname="tests.test_st_timeline.TestCoverage" name="test_coverage_counts" time="0.017" /><testcase classname="tests.test_temporal_transformer" name="test_positional_encoding_torch" time="0.009" /><testcase classname="tests.test_temporal_transformer" name="test_causal_mask_non_leakage_torch" time="0.018" /><testcase classname="tests.test_temporal_transformer" name="test_transformer_training_and_predict" time="0.086" /><testcase classname="tests.test_trading_rules" name="test_1_lot_size_rounding" time="0.009" /><testcase classname="tests.test_trading_rules" name="test_2_t_plus_1_restriction" time="0.011" /><testcase classname="tests.test_trading_rules" name="test_3_limit_up_locked_cannot_buy" time="0.012" /><testcase classname="tests.test_trading_rules" name="test_4_limit_down_locked_cannot_sell" time="0.012" /><testcase classname="tests.test_trading_rules" name="test_5_st_stock_5pct_limit" time="0.013" /><testcase classname="tests.test_trading_rules" name="test_6_slippage_no_double_counting" time="0.035" /><testcase classname="tests.test_trading_rules" name="test_slippage_price_respects_price_limits" time="0.017" /><testcase classname="tests.test_trading_rules" name="test_neutralization_switches_per_date" time="0.021" /><testcase classname="tests.test_trading_rules" name="test_unknown_not_used_as_real_industry_dummy" time="0.019" /><testcase classname="tests.test_trading_rules" name="test_missing_factor_not_imputed_as_zero_for_ols" time="0.018" /><testcase classname="tests.test_trading_rules" name="test_small_cross_section_neutralization_fallback" time="0.018" /><testcase classname="tests.test_trading_rules" name="test_industry_coverage_audit_is_daily_based" time="0.020" /><testcase classname="tests.test_trading_rules" name="test_point_in_time_universe_changes_by_date" time="0.016" /><testcase classname="tests.test_trading_rules" name="test_future_constituent_not_visible_in_past" time="0.016" /><testcase classname="tests.test_trading_rules" name="test_static_fallback_reports_survivorship_risk" time="0.009" /><testcase classname="tests.test_trading_rules" name="test_portfolio_respects_point_in_time_universe" time="0.015" /><testcase classname="tests.test_trading_rules" name="test_akshare_sina_calendar_is_not_marked_exchange_official" time="0.151" /><testcase classname="tests.test_trading_rules" name="test_business_day_fallback_marked_approximate" time="0.167" /><testcase classname="tests.test_trading_rules" name="test_stamp_duty_before_20230828" time="0.009" /><testcase classname="tests.test_trading_rules" name="test_stamp_duty_after_20230828" time="0.009" /><testcase classname="tests.test_trading_rules" name="test_buy_has_no_stamp_duty" time="0.009" /><testcase classname="tests.test_trading_rules" name="test_historical_fee_schedule_used_by_engine" time="0.010" /><testcase classname="tests.test_trading_rules" name="test_cash_dividend_preserves_economic_value" time="0.011" /><testcase classname="tests.test_trading_rules" name="test_stock_split_adjusts_shares_and_cost" time="0.007" /><testcase classname="tests.test_trading_rules" name="test_corporate_action_does_not_create_fake_pnl" time="0.010" /><testcase classname="tests.test_trading_rules" name="test_missing_corporate_actions_disclosed_in_audit" time="0.008" /><testcase classname="tests.test_trading_rules" name="test_partial_sell_recalculates_avg_cost" time="0.010" /><testcase classname="tests.test_trading_rules" name="test_partial_sell_stop_loss_uses_remaining_lots_cost" time="0.008" /><testcase classname="tests.test_trading_rules" name="test_position_state_equals_sum_of_lots" time="0.008" /><testcase classname="tests.test_trading_rules" name="test_audit_metadata_fail_closed" time="0.007" /><testcase classname="tests.test_trading_rules" name="test_audit_metadata_not_hardcoded" time="0.127" /><testcase classname="tests.test_trading_rules" name="test_api_cli_dashboard_share_same_audit_source" time="0.010" /><testcase classname="tests.test_trading_rules" name="test_st_status_changes_over_time" time="0.154" /><testcase classname="tests.test_trading_rules" name="test_future_st_status_not_visible_in_past" time="0.116" /><testcase classname="tests.test_trading_rules" name="test_current_st_never_backfills_history" time="0.010" /><testcase classname="tests.test_trading_rules" name="test_missing_historical_st_is_explicitly_unknown" time="0.324" /><testcase classname="tests.test_trading_rules" name="test_pending_orders_cancelled_at_backtest_end" time="0.033" /><testcase classname="tests.test_trading_rules" name="test_stale_price_warning_metrics" time="0.010" /><testcase classname="tests.test_trading_rules" name="test_trading_day_holding_period_calculation" time="0.013" /><testcase classname="tests.test_trading_rules" name="test_performance_metrics_definitions" time="0.018" /><testcase classname="tests.test_trading_rules" name="test_liquidity_participation_limit" time="0.012" /><testcase classname="tests.test_trading_rules" name="test_sector_constraint_audit_semantics" time="0.016" /><testcase classname="tests.test_trading_rules" name="test_benchmark_fill_is_date_series_only" time="0.012" /><testcase classname="tests.test_v8_features.TestFactorRegistryAndAlternatives" name="test_factor_registry_metadata" time="0.010" /><testcase classname="tests.test_v8_features.TestFactorRegistryAndAlternatives" name="test_compute_all_registered_factors" time="0.054" /><testcase classname="tests.test_v8_features.TestEnsembleQuantModel" name="test_ensemble_classification_fit_and_predict" time="0.317" /><testcase classname="tests.test_v8_features.TestEnsembleQuantModel" name="test_double_ensemble_and_mlp" time="0.121" /><testcase classname="tests.test_v8_features.TestPortfolioOptimizers" name="test_equal_weight_optimizer" time="0.027" /><testcase classname="tests.test_v8_features.TestPortfolioOptimizers" name="test_inverse_vol_optimizer" time="0.007" /><testcase classname="tests.test_v8_features.TestPortfolioOptimizers" name="test_score_weighted_optimizer" time="0.007" /><testcase classname="tests.test_v8_features.TestPortfolioOptimizers" name="test_risk_parity_optimizer" time="0.020" /><testcase classname="tests.test_v8_features.TestPortfolioOptimizers" name="test_constrained_qp_optimizer" time="0.018" /><testcase classname="tests.test_v8_features.TestPortfolioOptimizers" name="test_get_optimizer_factory" time="0.008" /><testcase classname="tests.test_v8_features.TestExecutionGateway" name="test_paper_broker_lifecycle" time="0.009" /><testcase classname="tests.test_v8_features.TestExecutionGateway" name="test_miniqmt_broker_mock_fallback" time="0.010" /><testcase classname="tests.test_v8_features.TestMessageNotification" name="test_daily_report_formatting" time="0.011" /><testcase classname="tests.test_v8_features.TestWalkForwardEnhancements" name="test_sample_weight_computation" time="0.012" /><testcase classname="tests.test_webhook_notifier" name="test_webhook_notifier_formatting_and_local_send" time="0.013" /></testsuite></testsuites>